2017-04-23 06:51:28,562 - __main__ - DEBUG - Receiving RPM 5000
2017-04-23 06:51:28,564 - __main__ - DEBUG - Receiving Air Flow 1000
2017-04-23 06:51:28,565 - __main__ - DEBUG - Submitting report
2017-04-23 06:51:28,565 - __main__ - DEBUG - Submitting report
2017-04-23 06:51:29,888 - __main__ - DEBUG - Receiving Air Flow 3000
2017-04-23 06:51:29,888 - __main__ - DEBUG - Submitting report
2017-04-23 06:51:30,884 - __main__ - DEBUG - Receiving RPM 6000
2017-04-23 06:51:30,885 - __main__ - DEBUG - Submitting report
2017-04-23 06:51:31,200 - __main__ - DEBUG - Receiving Air Flow 1000
2017-04-23 06:51:31,202 - __main__ - DEBUG - Submitting report
2017-04-23 06:51:32,516 - __main__ - DEBUG - Receiving Air Flow 1000
2017-04-23 06:51:32,517 - __main__ - DEBUG - Submitting report
2017-04-23 06:51:32,923 - __main__ - DEBUG - Receiving GPS Coordinates -96.7759769597,32.9865070246
2017-04-23 06:51:32,925 - __main__ - DEBUG - Submitting report
2017-04-23 06:51:33,194 - __main__ - DEBUG - Receiving RPM 9000
2017-04-23 06:51:33,195 - __main__ - DEBUG - Submitting report
2017-04-23 06:51:33,835 - __main__ - DEBUG - Receiving Air Flow 6000
2017-04-23 06:51:33,836 - __main__ - DEBUG - Submitting report
2017-04-23 06:51:34,833 - __main__ - DEBUG - Receiving GPS Coordinates -96.7759188731,32.9865625967
2017-04-23 06:51:34,833 - __main__ - DEBUG - Submitting report
2017-04-23 06:51:35,160 - __main__ - DEBUG - Receiving Air Flow 8000
2017-04-23 06:51:35,161 - __main__ - DEBUG - Submitting report
2017-04-23 06:51:35,535 - __main__ - DEBUG - Receiving RPM 6000
2017-04-23 06:51:35,536 - __main__ - DEBUG - Submitting report
2017-04-23 06:51:36,477 - __main__ - DEBUG - Receiving GPS Coordinates -96.7759188731,32.9865625967
2017-04-23 06:51:36,478 - __main__ - DEBUG - Submitting report
2017-04-23 06:51:36,514 - __main__ - DEBUG - Receiving Air Flow 1000
2017-04-23 06:51:36,515 - __main__ - DEBUG - Submitting report
2017-04-23 06:51:37,832 - __main__ - DEBUG - Receiving Air Flow 9000
2017-04-23 06:51:37,838 - __main__ - DEBUG - Receiving RPM 2000
2017-04-23 06:51:37,838 - __main__ - DEBUG - Submitting report
2017-04-23 06:51:37,839 - __main__ - DEBUG - Submitting report
2017-04-23 06:51:38,367 - __main__ - DEBUG - Receiving GPS Coordinates -96.7759188731,32.9865625967
2017-04-23 06:51:38,367 - __main__ - DEBUG - Submitting report
2017-04-23 06:51:39,166 - __main__ - DEBUG - Receiving Air Flow 9000
2017-04-23 06:51:39,167 - __main__ - DEBUG - Submitting report
2017-04-23 06:51:40,184 - __main__ - DEBUG - Receiving RPM 2000
2017-04-23 06:51:40,185 - __main__ - DEBUG - Submitting report
2017-04-23 06:51:40,207 - __main__ - DEBUG - Receiving GPS Coordinates -96.7759188731,32.9865625967
2017-04-23 06:51:40,210 - __main__ - DEBUG - Submitting report
2017-04-23 06:51:40,516 - __main__ - DEBUG - Receiving Air Flow 9000
2017-04-23 06:51:40,517 - __main__ - DEBUG - Submitting report
2017-04-23 06:51:41,855 - __main__ - DEBUG - Receiving Air Flow 1000
2017-04-23 06:51:41,856 - __main__ - DEBUG - Submitting report
2017-04-23 06:51:42,195 - __main__ - DEBUG - Receiving GPS Coordinates -96.7759188731,32.9865625967
2017-04-23 06:51:42,196 - __main__ - DEBUG - Submitting report
2017-04-23 06:51:42,514 - __main__ - DEBUG - Receiving RPM 5000
2017-04-23 06:51:42,515 - __main__ - DEBUG - Submitting report
2017-04-23 06:51:43,166 - __main__ - DEBUG - Receiving Air Flow 6000
2017-04-23 06:51:43,167 - __main__ - DEBUG - Submitting report
2017-04-23 06:51:43,978 - __main__ - DEBUG - Receiving GPS Coordinates -96.7759188731,32.9865625967
2017-04-23 06:51:43,979 - __main__ - DEBUG - Submitting report
2017-04-23 06:51:44,486 - __main__ - DEBUG - Receiving Air Flow 1000
2017-04-23 06:51:44,487 - __main__ - DEBUG - Submitting report
2017-04-23 06:51:44,834 - __main__ - DEBUG - Receiving RPM 4000
2017-04-23 06:51:44,835 - __main__ - DEBUG - Submitting report
2017-04-23 06:51:45,799 - __main__ - DEBUG - Receiving Air Flow 6000
2017-04-23 06:51:45,799 - __main__ - DEBUG - Submitting report
2017-04-23 06:51:45,875 - __main__ - DEBUG - Receiving GPS Coordinates -96.7759234832,32.9865547596
2017-04-23 06:51:45,876 - __main__ - DEBUG - Submitting report
2017-04-23 06:51:47,136 - __main__ - DEBUG - Receiving Air Flow 1000
2017-04-23 06:51:47,137 - __main__ - DEBUG - Submitting report
2017-04-23 06:51:47,155 - __main__ - DEBUG - Receiving RPM 3000
2017-04-23 06:51:47,156 - __main__ - DEBUG - Submitting report
2017-04-23 06:51:47,634 - __main__ - DEBUG - Receiving GPS Coordinates -96.7759234832,32.9865547596
2017-04-23 06:51:47,635 - __main__ - DEBUG - Submitting report
2017-04-23 06:51:48,487 - __main__ - DEBUG - Receiving Air Flow 9000
2017-04-23 06:51:48,488 - __main__ - DEBUG - Submitting report
2017-04-23 06:51:49,315 - __main__ - DEBUG - Receiving GPS Coordinates -96.7759318651,32.9865333857
2017-04-23 06:51:49,315 - __main__ - DEBUG - Submitting report
2017-04-23 06:51:49,475 - __main__ - DEBUG - Receiving RPM 3000
2017-04-23 06:51:49,476 - __main__ - DEBUG - Submitting report
2017-04-23 06:51:49,835 - __main__ - DEBUG - Receiving Air Flow 3000
2017-04-23 06:51:49,836 - __main__ - DEBUG - Submitting report
2017-04-23 06:51:51,152 - __main__ - DEBUG - Receiving Air Flow 1000
2017-04-23 06:51:51,152 - __main__ - DEBUG - Submitting report
2017-04-23 06:51:51,184 - __main__ - DEBUG - Receiving GPS Coordinates -96.7759420072,32.986530494
2017-04-23 06:51:51,184 - __main__ - DEBUG - Submitting report
2017-04-23 06:51:51,805 - __main__ - DEBUG - Receiving RPM 8000
2017-04-23 06:51:51,806 - __main__ - DEBUG - Submitting report
2017-04-23 06:51:52,466 - __main__ - DEBUG - Receiving Air Flow 1000
2017-04-23 06:51:52,467 - __main__ - DEBUG - Submitting report
2017-04-23 06:51:52,958 - __main__ - DEBUG - Receiving GPS Coordinates -96.7759498023,32.9865316255
2017-04-23 06:51:52,958 - __main__ - DEBUG - Submitting report
2017-04-23 06:51:53,814 - __main__ - DEBUG - Receiving Air Flow 9000
2017-04-23 06:51:53,815 - __main__ - DEBUG - Submitting report
2017-04-23 06:51:54,139 - __main__ - DEBUG - Receiving RPM 2000
2017-04-23 06:51:54,139 - __main__ - DEBUG - Submitting report
2017-04-23 06:51:54,872 - __main__ - DEBUG - Receiving GPS Coordinates -96.7759679073,32.9865382053
2017-04-23 06:51:54,873 - __main__ - DEBUG - Submitting report
2017-04-23 06:51:55,138 - __main__ - DEBUG - Receiving Air Flow 6000
2017-04-23 06:51:55,139 - __main__ - DEBUG - Submitting report
2017-04-23 06:51:56,456 - __main__ - DEBUG - Receiving Air Flow 7000
2017-04-23 06:51:56,457 - __main__ - DEBUG - Submitting report
2017-04-23 06:51:56,474 - __main__ - DEBUG - Receiving RPM 4000
2017-04-23 06:51:56,475 - __main__ - DEBUG - Submitting report
2017-04-23 06:51:56,594 - __main__ - DEBUG - Receiving GPS Coordinates -96.7759679073,32.9865382053
2017-04-23 06:51:56,595 - __main__ - DEBUG - Submitting report
2017-04-23 06:51:57,779 - __main__ - DEBUG - Receiving Air Flow 1000
2017-04-23 06:51:57,780 - __main__ - DEBUG - Submitting report
2017-04-23 06:51:58,320 - __main__ - DEBUG - Receiving GPS Coordinates -96.775970338,32.9865310388
2017-04-23 06:51:58,321 - __main__ - DEBUG - Submitting report
2017-04-23 06:51:58,787 - __main__ - DEBUG - Receiving RPM 9000
2017-04-23 06:51:58,787 - __main__ - DEBUG - Submitting report
2017-04-23 06:51:59,098 - __main__ - DEBUG - Receiving Air Flow 4000
2017-04-23 06:51:59,099 - __main__ - DEBUG - Submitting report
2017-04-23 06:51:59,955 - __main__ - DEBUG - Receiving GPS Coordinates -96.7759640516,32.9865299072
2017-04-23 06:51:59,955 - __main__ - DEBUG - Submitting report
2017-04-23 06:52:00,435 - __main__ - DEBUG - Receiving Air Flow 7000
2017-04-23 06:52:00,435 - __main__ - DEBUG - Submitting report
2017-04-23 06:52:01,114 - __main__ - DEBUG - Receiving RPM 6000
2017-04-23 06:52:01,115 - __main__ - DEBUG - Submitting report
2017-04-23 06:52:01,635 - __main__ - DEBUG - Receiving GPS Coordinates -96.7759637163,32.9865321284
2017-04-23 06:52:01,635 - __main__ - DEBUG - Submitting report
2017-04-23 06:52:01,759 - __main__ - DEBUG - Receiving Air Flow 7000
2017-04-23 06:52:01,759 - __main__ - DEBUG - Submitting report
2017-04-23 06:52:03,075 - __main__ - DEBUG - Receiving Air Flow 7000
2017-04-23 06:52:03,076 - __main__ - DEBUG - Submitting report
2017-04-23 06:52:03,392 - __main__ - DEBUG - Receiving GPS Coordinates -96.7759688293,32.9865320027
2017-04-23 06:52:03,393 - __main__ - DEBUG - Submitting report
2017-04-23 06:52:03,425 - __main__ - DEBUG - Receiving RPM 4000
2017-04-23 06:52:03,426 - __main__ - DEBUG - Submitting report
2017-04-23 06:52:04,428 - __main__ - DEBUG - Receiving Air Flow 1000
2017-04-23 06:52:04,428 - __main__ - DEBUG - Submitting report
2017-04-23 06:52:05,084 - __main__ - DEBUG - Receiving GPS Coordinates -96.7759954837,32.9865285661
2017-04-23 06:52:05,084 - __main__ - DEBUG - Submitting report
2017-04-23 06:52:05,746 - __main__ - DEBUG - Receiving RPM 4000
2017-04-23 06:52:05,747 - __main__ - DEBUG - Submitting report
2017-04-23 06:52:05,760 - __main__ - DEBUG - Receiving Air Flow 9000
2017-04-23 06:52:05,760 - __main__ - DEBUG - Submitting report
2017-04-23 06:52:06,849 - __main__ - DEBUG - Receiving GPS Coordinates -96.7760145106,32.986447094
2017-04-23 06:52:06,849 - __main__ - DEBUG - Submitting report
2017-04-23 06:52:07,074 - __main__ - DEBUG - Receiving Air Flow 7000
2017-04-23 06:52:07,075 - __main__ - DEBUG - Submitting report
2017-04-23 06:52:08,080 - __main__ - DEBUG - Receiving RPM 9000
2017-04-23 06:52:08,080 - __main__ - DEBUG - Submitting report
2017-04-23 06:52:08,426 - __main__ - DEBUG - Receiving Air Flow 4000
2017-04-23 06:52:08,426 - __main__ - DEBUG - Submitting report
2017-04-23 06:52:08,556 - __main__ - DEBUG - Receiving GPS Coordinates -96.7760049553,32.9863968026
2017-04-23 06:52:08,557 - __main__ - DEBUG - Submitting report
2017-04-23 06:52:09,735 - __main__ - DEBUG - Receiving Air Flow 8000
2017-04-23 06:52:09,736 - __main__ - DEBUG - Submitting report
2017-04-23 06:52:10,336 - __main__ - DEBUG - Receiving GPS Coordinates -96.7759716791,32.9863242572
2017-04-23 06:52:10,337 - __main__ - DEBUG - Submitting report
2017-04-23 06:52:10,386 - __main__ - DEBUG - Receiving RPM 3000
2017-04-23 06:52:10,387 - __main__ - DEBUG - Submitting report
2017-04-23 06:52:11,058 - __main__ - DEBUG - Receiving Air Flow 7000
2017-04-23 06:52:11,059 - __main__ - DEBUG - Submitting report
2017-04-23 06:52:12,175 - __main__ - DEBUG - Receiving GPS Coordinates -96.7759438512,32.9863190605
2017-04-23 06:52:12,175 - __main__ - DEBUG - Submitting report
2017-04-23 06:52:12,446 - __main__ - DEBUG - Receiving Air Flow 8000
2017-04-23 06:52:12,447 - __main__ - DEBUG - Submitting report
2017-04-23 06:52:12,723 - __main__ - DEBUG - Receiving RPM 9000
2017-04-23 06:52:12,724 - __main__ - DEBUG - Submitting report
2017-04-23 06:52:13,766 - __main__ - DEBUG - Receiving Air Flow 1000
2017-04-23 06:52:13,767 - __main__ - DEBUG - Submitting report
2017-04-23 06:52:13,838 - __main__ - DEBUG - Receiving GPS Coordinates -96.7759222259,32.9863328068
2017-04-23 06:52:13,839 - __main__ - DEBUG - Submitting report
2017-04-23 06:52:15,021 - __main__ - DEBUG - Receiving RPM 4000
2017-04-23 06:52:15,021 - __main__ - DEBUG - Submitting report
2017-04-23 06:52:15,096 - __main__ - DEBUG - Receiving Air Flow 1000
2017-04-23 06:52:15,097 - __main__ - DEBUG - Submitting report
2017-04-23 06:52:15,780 - __main__ - DEBUG - Receiving GPS Coordinates -96.7759195437,32.9863395123
2017-04-23 06:52:15,781 - __main__ - DEBUG - Submitting report
2017-04-23 06:52:16,477 - __main__ - DEBUG - Receiving Air Flow 5000
2017-04-23 06:52:16,478 - __main__ - DEBUG - Submitting report
2017-04-23 06:52:17,341 - __main__ - DEBUG - Receiving RPM 4000
2017-04-23 06:52:17,342 - __main__ - DEBUG - Submitting report
2017-04-23 06:52:17,675 - __main__ - DEBUG - Receiving GPS Coordinates -96.775920801,32.9863558989
2017-04-23 06:52:17,676 - __main__ - DEBUG - Submitting report
2017-04-23 06:52:17,798 - __main__ - DEBUG - Receiving Air Flow 5000
2017-04-23 06:52:17,798 - __main__ - DEBUG - Submitting report
2017-04-23 06:52:19,122 - __main__ - DEBUG - Receiving Air Flow 4000
2017-04-23 06:52:19,123 - __main__ - DEBUG - Submitting report
2017-04-23 06:52:19,494 - __main__ - DEBUG - Receiving GPS Coordinates -96.7759385706,32.9863721179
2017-04-23 06:52:19,495 - __main__ - DEBUG - Submitting report
2017-04-23 06:52:19,640 - __main__ - DEBUG - Receiving RPM 3000
2017-04-23 06:52:19,641 - __main__ - DEBUG - Submitting report
2017-04-23 06:52:20,498 - __main__ - DEBUG - Receiving Air Flow 2000
2017-04-23 06:52:20,499 - __main__ - DEBUG - Submitting report
2017-04-23 06:52:21,181 - __main__ - DEBUG - Receiving GPS Coordinates -96.7759365589,32.9863637779
2017-04-23 06:52:21,182 - __main__ - DEBUG - Submitting report
2017-04-23 06:52:21,837 - __main__ - DEBUG - Receiving Air Flow 1000
2017-04-23 06:52:21,838 - __main__ - DEBUG - Submitting report
2017-04-23 06:52:21,935 - __main__ - DEBUG - Receiving RPM 2000
2017-04-23 06:52:21,936 - __main__ - DEBUG - Submitting report
2017-04-23 06:52:22,852 - __main__ - DEBUG - Receiving GPS Coordinates -96.7758799811,32.9863460921
2017-04-23 06:52:22,852 - __main__ - DEBUG - Submitting report
2017-04-23 06:52:23,183 - __main__ - DEBUG - Receiving Air Flow 4000
2017-04-23 06:52:23,184 - __main__ - DEBUG - Submitting report
2017-04-23 06:52:24,220 - __main__ - DEBUG - Receiving RPM 3000
2017-04-23 06:52:24,220 - __main__ - DEBUG - Submitting report
2017-04-23 06:52:24,479 - __main__ - DEBUG - Receiving Air Flow 9000
2017-04-23 06:52:24,480 - __main__ - DEBUG - Submitting report
2017-04-23 06:52:24,640 - __main__ - DEBUG - Receiving GPS Coordinates -96.7758555059,32.9863701901
2017-04-23 06:52:24,641 - __main__ - DEBUG - Submitting report
2017-04-23 06:52:25,831 - __main__ - DEBUG - Receiving Air Flow 8000
2017-04-23 06:52:25,832 - __main__ - DEBUG - Submitting report
2017-04-23 06:52:26,502 - __main__ - DEBUG - Receiving GPS Coordinates -96.7758571823,32.9863883369
2017-04-23 06:52:26,503 - __main__ - DEBUG - Submitting report
2017-04-23 06:52:26,537 - __main__ - DEBUG - Receiving RPM 1000
2017-04-23 06:52:26,538 - __main__ - DEBUG - Submitting report
2017-04-23 06:52:27,215 - __main__ - DEBUG - Receiving Air Flow 5000
2017-04-23 06:52:27,216 - __main__ - DEBUG - Submitting report
2017-04-23 06:52:28,639 - __main__ - DEBUG - Receiving Air Flow 6000
2017-04-23 06:52:28,641 - __main__ - DEBUG - Submitting report
2017-04-23 06:52:28,648 - __main__ - DEBUG - Receiving GPS Coordinates -96.7758733594,32.9864209006
2017-04-23 06:52:28,649 - __main__ - DEBUG - Submitting report
2017-04-23 06:52:28,853 - __main__ - DEBUG - Receiving RPM 6000
2017-04-23 06:52:28,854 - __main__ - DEBUG - Submitting report
2017-04-23 06:52:29,949 - __main__ - DEBUG - Receiving Air Flow 4000
2017-04-23 06:52:29,949 - __main__ - DEBUG - Submitting report
2017-04-23 06:52:30,539 - __main__ - DEBUG - Receiving GPS Coordinates -96.7758500577,32.9864188889
2017-04-23 06:52:30,540 - __main__ - DEBUG - Submitting report
2017-04-23 06:52:31,176 - __main__ - DEBUG - Receiving RPM 9000
2017-04-23 06:52:31,177 - __main__ - DEBUG - Submitting report
2017-04-23 06:52:31,261 - __main__ - DEBUG - Receiving Air Flow 4000
2017-04-23 06:52:31,262 - __main__ - DEBUG - Submitting report
2017-04-23 06:52:32,345 - __main__ - DEBUG - Receiving GPS Coordinates -96.7758379039,32.9864136922
2017-04-23 06:52:32,346 - __main__ - DEBUG - Submitting report
2017-04-23 06:52:32,599 - __main__ - DEBUG - Receiving Air Flow 9000
2017-04-23 06:52:32,600 - __main__ - DEBUG - Submitting report
2017-04-23 06:52:33,518 - __main__ - DEBUG - Receiving RPM 7000
2017-04-23 06:52:33,518 - __main__ - DEBUG - Submitting report
2017-04-23 06:52:33,901 - __main__ - DEBUG - Receiving Air Flow 4000
2017-04-23 06:52:33,902 - __main__ - DEBUG - Submitting report
2017-04-23 06:52:34,136 - __main__ - DEBUG - Receiving GPS Coordinates -96.77584067,32.9864118062
2017-04-23 06:52:34,137 - __main__ - DEBUG - Submitting report
2017-04-23 06:52:35,216 - __main__ - DEBUG - Receiving Air Flow 1000
2017-04-23 06:52:35,217 - __main__ - DEBUG - Submitting report
2017-04-23 06:52:35,779 - __main__ - DEBUG - Receiving GPS Coordinates -96.7758615409,32.9864240857
2017-04-23 06:52:35,780 - __main__ - DEBUG - Submitting report
2017-04-23 06:52:35,855 - __main__ - DEBUG - Receiving RPM 7000
2017-04-23 06:52:35,856 - __main__ - DEBUG - Submitting report
2017-04-23 06:52:36,551 - __main__ - DEBUG - Receiving Air Flow 1000
2017-04-23 06:52:36,552 - __main__ - DEBUG - Submitting report
2017-04-23 06:52:37,418 - __main__ - DEBUG - Receiving GPS Coordinates -96.7758694199,32.9864217388
2017-04-23 06:52:37,419 - __main__ - DEBUG - Submitting report
2017-04-23 06:52:37,856 - __main__ - DEBUG - Receiving Air Flow 4000
2017-04-23 06:52:37,857 - __main__ - DEBUG - Submitting report
2017-04-23 06:52:38,187 - __main__ - DEBUG - Receiving RPM 5000
2017-04-23 06:52:38,188 - __main__ - DEBUG - Submitting report
2017-04-23 06:52:39,051 - __main__ - DEBUG - Receiving GPS Coordinates -96.7758791429,32.9864141951
2017-04-23 06:52:39,051 - __main__ - DEBUG - Submitting report
2017-04-23 06:52:39,170 - __main__ - DEBUG - Receiving Air Flow 9000
2017-04-23 06:52:39,171 - __main__ - DEBUG - Submitting report
2017-04-23 06:52:40,498 - __main__ - DEBUG - Receiving Air Flow 5000
2017-04-23 06:52:40,499 - __main__ - DEBUG - Submitting report
2017-04-23 06:52:40,531 - __main__ - DEBUG - Receiving RPM 4000
2017-04-23 06:52:40,532 - __main__ - DEBUG - Submitting report
2017-04-23 06:52:40,736 - __main__ - DEBUG - Receiving GPS Coordinates -96.7758749519,32.9864129797
2017-04-23 06:52:40,741 - __main__ - DEBUG - Submitting report
2017-04-23 06:52:41,816 - __main__ - DEBUG - Receiving Air Flow 4000
2017-04-23 06:52:41,817 - __main__ - DEBUG - Submitting report
2017-04-23 06:52:42,662 - __main__ - DEBUG - Receiving GPS Coordinates -96.7758503091,32.9864273127
2017-04-23 06:52:42,663 - __main__ - DEBUG - Submitting report
2017-04-23 06:52:42,848 - __main__ - DEBUG - Receiving RPM 1000
2017-04-23 06:52:42,854 - __main__ - DEBUG - Submitting report
2017-04-23 06:52:43,137 - __main__ - DEBUG - Receiving Air Flow 1000
2017-04-23 06:52:43,138 - __main__ - DEBUG - Submitting report
2017-04-23 06:52:44,433 - __main__ - DEBUG - Receiving Air Flow 3000
2017-04-23 06:52:44,434 - __main__ - DEBUG - Submitting report
2017-04-23 06:52:44,480 - __main__ - DEBUG - Receiving GPS Coordinates -96.7758431845,32.9864825495
2017-04-23 06:52:44,481 - __main__ - DEBUG - Submitting report
2017-04-23 06:52:45,237 - __main__ - DEBUG - Receiving RPM 3000
2017-04-23 06:52:45,237 - __main__ - DEBUG - Submitting report
2017-04-23 06:52:45,732 - __main__ - DEBUG - Receiving Air Flow 8000
2017-04-23 06:52:45,733 - __main__ - DEBUG - Submitting report
2017-04-23 06:52:46,245 - __main__ - DEBUG - Receiving GPS Coordinates -96.7758369819,32.9865261773
2017-04-23 06:52:46,246 - __main__ - DEBUG - Submitting report
2017-04-23 06:52:47,139 - __main__ - DEBUG - Receiving Air Flow 5000
2017-04-23 06:52:47,140 - __main__ - DEBUG - Submitting report
2017-04-23 06:52:47,597 - __main__ - DEBUG - Receiving RPM 9000
2017-04-23 06:52:47,598 - __main__ - DEBUG - Submitting report
2017-04-23 06:52:48,288 - __main__ - DEBUG - Receiving GPS Coordinates -96.7758369819,32.9865261773
2017-04-23 06:52:48,289 - __main__ - DEBUG - Submitting report
2017-04-23 06:52:48,480 - __main__ - DEBUG - Receiving Air Flow 6000
2017-04-23 06:52:48,481 - __main__ - DEBUG - Submitting report
2017-04-23 06:52:49,824 - __main__ - DEBUG - Receiving Air Flow 1000
2017-04-23 06:52:49,825 - __main__ - DEBUG - Submitting report
2017-04-23 06:52:49,919 - __main__ - DEBUG - Receiving RPM 2000
2017-04-23 06:52:49,919 - __main__ - DEBUG - Submitting report
2017-04-23 06:52:50,130 - __main__ - DEBUG - Receiving GPS Coordinates -96.775827678,32.9865253391
2017-04-23 06:52:50,130 - __main__ - DEBUG - Submitting report
2017-04-23 06:52:51,142 - __main__ - DEBUG - Receiving Air Flow 3000
2017-04-23 06:52:51,143 - __main__ - DEBUG - Submitting report
2017-04-23 06:52:51,872 - __main__ - DEBUG - Receiving GPS Coordinates -96.775827678,32.9865253391
2017-04-23 06:52:51,873 - __main__ - DEBUG - Submitting report
2017-04-23 06:52:52,280 - __main__ - DEBUG - Receiving RPM 6000
2017-04-23 06:52:52,281 - __main__ - DEBUG - Submitting report
2017-04-23 06:52:52,465 - __main__ - DEBUG - Receiving Air Flow 4000
2017-04-23 06:52:52,466 - __main__ - DEBUG - Submitting report
2017-04-23 06:52:53,510 - __main__ - DEBUG - Receiving GPS Coordinates -96.775827678,32.9865253391
2017-04-23 06:52:53,511 - __main__ - DEBUG - Submitting report
2017-04-23 06:52:53,778 - __main__ - DEBUG - Receiving Air Flow 3000
2017-04-23 06:52:53,779 - __main__ - DEBUG - Submitting report
2017-04-23 06:52:54,641 - __main__ - DEBUG - Receiving RPM 4000
2017-04-23 06:52:54,642 - __main__ - DEBUG - Submitting report
2017-04-23 06:52:55,079 - __main__ - DEBUG - Receiving Air Flow 7000
2017-04-23 06:52:55,079 - __main__ - DEBUG - Submitting report
2017-04-23 06:52:55,177 - __main__ - DEBUG - Receiving GPS Coordinates -96.7758153566,32.9865140654
2017-04-23 06:52:55,178 - __main__ - DEBUG - Submitting report
2017-04-23 06:52:56,389 - __main__ - DEBUG - Receiving Air Flow 7000
2017-04-23 06:52:56,389 - __main__ - DEBUG - Submitting report
2017-04-23 06:52:56,833 - __main__ - DEBUG - Receiving GPS Coordinates -96.7758153566,32.9865140654
2017-04-23 06:52:56,834 - __main__ - DEBUG - Submitting report
2017-04-23 06:52:56,956 - __main__ - DEBUG - Receiving RPM 9000
2017-04-23 06:52:56,957 - __main__ - DEBUG - Submitting report
2017-04-23 06:52:57,747 - __main__ - DEBUG - Receiving Air Flow 2000
2017-04-23 06:52:57,748 - __main__ - DEBUG - Submitting report
2017-04-23 06:52:59,065 - __main__ - DEBUG - Receiving Air Flow 3000
2017-04-23 06:52:59,066 - __main__ - DEBUG - Submitting report
2017-04-23 06:52:59,313 - __main__ - DEBUG - Receiving GPS Coordinates -96.7758153566,32.9865140654
2017-04-23 06:52:59,314 - __main__ - DEBUG - Submitting report
2017-04-23 06:52:59,316 - __main__ - DEBUG - Receiving RPM 7000
2017-04-23 06:52:59,322 - __main__ - DEBUG - Submitting report
2017-04-23 06:53:00,390 - __main__ - DEBUG - Receiving Air Flow 4000
2017-04-23 06:53:00,391 - __main__ - DEBUG - Submitting report
2017-04-23 06:53:01,197 - __main__ - DEBUG - Receiving GPS Coordinates -96.7758044601,32.9865089944
2017-04-23 06:53:01,198 - __main__ - DEBUG - Submitting report
2017-04-23 06:53:01,645 - __main__ - DEBUG - Receiving RPM 5000
2017-04-23 06:53:01,646 - __main__ - DEBUG - Submitting report
2017-04-23 06:53:01,695 - __main__ - DEBUG - Receiving Air Flow 4000
2017-04-23 06:53:01,696 - __main__ - DEBUG - Submitting report
2017-04-23 06:53:03,004 - __main__ - DEBUG - Receiving Air Flow 8000
2017-04-23 06:53:03,005 - __main__ - DEBUG - Submitting report
2017-04-23 06:53:03,139 - __main__ - DEBUG - Receiving GPS Coordinates -96.7758050469,32.9865111318
2017-04-23 06:53:03,140 - __main__ - DEBUG - Submitting report
2017-04-23 06:53:04,028 - __main__ - DEBUG - Receiving RPM 8000
2017-04-23 06:53:04,029 - __main__ - DEBUG - Submitting report
2017-04-23 06:53:04,333 - __main__ - DEBUG - Receiving Air Flow 7000
2017-04-23 06:53:04,334 - __main__ - DEBUG - Submitting report
2017-04-23 06:53:04,931 - __main__ - DEBUG - Receiving GPS Coordinates -96.7758050469,32.9865111318
2017-04-23 06:53:04,932 - __main__ - DEBUG - Submitting report
2017-04-23 06:53:05,666 - __main__ - DEBUG - Receiving Air Flow 3000
2017-04-23 06:53:05,667 - __main__ - DEBUG - Submitting report
2017-04-23 06:53:06,332 - __main__ - DEBUG - Receiving RPM 8000
2017-04-23 06:53:06,337 - __main__ - DEBUG - Submitting report
2017-04-23 06:53:06,796 - __main__ - DEBUG - Receiving GPS Coordinates -96.7757886183,32.9865299911
2017-04-23 06:53:06,797 - __main__ - DEBUG - Submitting report
2017-04-23 06:53:06,981 - __main__ - DEBUG - Receiving Air Flow 2000
2017-04-23 06:53:06,982 - __main__ - DEBUG - Submitting report
2017-04-23 06:53:08,280 - __main__ - DEBUG - Receiving Air Flow 2000
2017-04-23 06:53:08,280 - __main__ - DEBUG - Submitting report
2017-04-23 06:53:08,459 - __main__ - DEBUG - Receiving GPS Coordinates -96.7757840083,32.9865376186
2017-04-23 06:53:08,460 - __main__ - DEBUG - Submitting report
2017-04-23 06:53:08,651 - __main__ - DEBUG - Receiving RPM 6000
2017-04-23 06:53:08,652 - __main__ - DEBUG - Submitting report
2017-04-23 06:53:09,605 - __main__ - DEBUG - Receiving Air Flow 8000
2017-04-23 06:53:09,606 - __main__ - DEBUG - Submitting report
2017-04-23 06:53:10,250 - __main__ - DEBUG - Receiving GPS Coordinates -96.7757754588,32.9865517002
2017-04-23 06:53:10,251 - __main__ - DEBUG - Submitting report
2017-04-23 06:53:10,924 - __main__ - DEBUG - Receiving Air Flow 2000
2017-04-23 06:53:10,925 - __main__ - DEBUG - Submitting report
2017-04-23 06:53:11,010 - __main__ - DEBUG - Receiving RPM 8000
2017-04-23 06:53:11,011 - __main__ - DEBUG - Submitting report
2017-04-23 06:53:12,034 - __main__ - DEBUG - Receiving GPS Coordinates -96.7757754588,32.9865517002
2017-04-23 06:53:12,034 - __main__ - DEBUG - Submitting report
2017-04-23 06:53:12,238 - __main__ - DEBUG - Receiving Air Flow 6000
2017-04-23 06:53:12,238 - __main__ - DEBUG - Submitting report
2017-04-23 06:53:13,397 - __main__ - DEBUG - Receiving RPM 8000
2017-04-23 06:53:13,397 - __main__ - DEBUG - Submitting report
2017-04-23 06:53:13,537 - __main__ - DEBUG - Receiving Air Flow 8000
2017-04-23 06:53:13,538 - __main__ - DEBUG - Submitting report
2017-04-23 06:53:13,719 - __main__ - DEBUG - Receiving GPS Coordinates -96.7757754588,32.9865517002
2017-04-23 06:53:13,720 - __main__ - DEBUG - Submitting report
2017-04-23 06:53:14,858 - __main__ - DEBUG - Receiving Air Flow 5000
2017-04-23 06:53:14,859 - __main__ - DEBUG - Submitting report
2017-04-23 06:53:15,438 - __main__ - DEBUG - Receiving GPS Coordinates -96.7757754588,32.9865517002
2017-04-23 06:53:15,439 - __main__ - DEBUG - Submitting report
2017-04-23 06:53:15,726 - __main__ - DEBUG - Receiving RPM 5000
2017-04-23 06:53:15,726 - __main__ - DEBUG - Submitting report
2017-04-23 06:53:16,178 - __main__ - DEBUG - Receiving Air Flow 4000
2017-04-23 06:53:16,178 - __main__ - DEBUG - Submitting report
2017-04-23 06:53:17,117 - __main__ - DEBUG - Receiving GPS Coordinates -96.7757523247,32.9865626386
2017-04-23 06:53:17,118 - __main__ - DEBUG - Submitting report
2017-04-23 06:53:17,497 - __main__ - DEBUG - Receiving Air Flow 3000
2017-04-23 06:53:17,498 - __main__ - DEBUG - Submitting report
2017-04-23 06:53:18,033 - __main__ - DEBUG - Receiving RPM 5000
2017-04-23 06:53:18,034 - __main__ - DEBUG - Submitting report
2017-04-23 06:53:18,793 - __main__ - DEBUG - Receiving Air Flow 1000
2017-04-23 06:53:18,794 - __main__ - DEBUG - Submitting report
2017-04-23 06:53:18,977 - __main__ - DEBUG - Receiving GPS Coordinates -96.7757523247,32.9865626386
2017-04-23 06:53:18,978 - __main__ - DEBUG - Submitting report
2017-04-23 06:53:20,096 - __main__ - DEBUG - Receiving Air Flow 9000
2017-04-23 06:53:20,097 - __main__ - DEBUG - Submitting report
2017-04-23 06:53:20,338 - __main__ - DEBUG - Receiving RPM 4000
2017-04-23 06:53:20,339 - __main__ - DEBUG - Submitting report
2017-04-23 06:53:20,758 - __main__ - DEBUG - Receiving GPS Coordinates -96.7757523247,32.9865626386
2017-04-23 06:53:20,759 - __main__ - DEBUG - Submitting report
2017-04-23 06:53:21,419 - __main__ - DEBUG - Receiving Air Flow 2000
2017-04-23 06:53:21,420 - __main__ - DEBUG - Submitting report
2017-04-23 06:53:22,618 - __main__ - DEBUG - Receiving GPS Coordinates -96.7757866067,32.9865593696
2017-04-23 06:53:22,619 - __main__ - DEBUG - Submitting report
2017-04-23 06:53:22,649 - __main__ - DEBUG - Receiving RPM 1000
2017-04-23 06:53:22,650 - __main__ - DEBUG - Submitting report
2017-04-23 06:53:22,739 - __main__ - DEBUG - Receiving Air Flow 5000
2017-04-23 06:53:22,739 - __main__ - DEBUG - Submitting report
2017-04-23 06:53:24,057 - __main__ - DEBUG - Receiving Air Flow 2000
2017-04-23 06:53:24,058 - __main__ - DEBUG - Submitting report
2017-04-23 06:53:24,280 - __main__ - DEBUG - Receiving GPS Coordinates -96.7758048792,32.9865510296
2017-04-23 06:53:24,281 - __main__ - DEBUG - Submitting report
2017-04-23 06:53:24,978 - __main__ - DEBUG - Receiving RPM 2000
2017-04-23 06:53:24,979 - __main__ - DEBUG - Submitting report
2017-04-23 06:53:25,378 - __main__ - DEBUG - Receiving Air Flow 1000
2017-04-23 06:53:25,379 - __main__ - DEBUG - Submitting report
2017-04-23 06:53:26,199 - __main__ - DEBUG - Receiving GPS Coordinates -96.7758205534,32.9865428992
2017-04-23 06:53:26,200 - __main__ - DEBUG - Submitting report
2017-04-23 06:53:26,694 - __main__ - DEBUG - Receiving Air Flow 9000
2017-04-23 06:53:26,695 - __main__ - DEBUG - Submitting report
2017-04-23 06:53:27,294 - __main__ - DEBUG - Receiving RPM 7000
2017-04-23 06:53:27,295 - __main__ - DEBUG - Submitting report
2017-04-23 06:53:27,878 - __main__ - DEBUG - Receiving GPS Coordinates -96.7758394127,32.9865273508
2017-04-23 06:53:27,878 - __main__ - DEBUG - Submitting report
2017-04-23 06:53:28,024 - __main__ - DEBUG - Receiving Air Flow 8000
2017-04-23 06:53:28,025 - __main__ - DEBUG - Submitting report
2017-04-23 06:53:29,333 - __main__ - DEBUG - Receiving Air Flow 8000
2017-04-23 06:53:29,334 - __main__ - DEBUG - Submitting report
2017-04-23 06:53:29,622 - __main__ - DEBUG - Receiving RPM 2000
2017-04-23 06:53:29,623 - __main__ - DEBUG - Submitting report
2017-04-23 06:53:29,721 - __main__ - DEBUG - Receiving GPS Coordinates -96.7758457829,32.9865206452
2017-04-23 06:53:29,722 - __main__ - DEBUG - Submitting report
2017-04-23 06:53:30,656 - __main__ - DEBUG - Receiving Air Flow 6000
2017-04-23 06:53:30,657 - __main__ - DEBUG - Submitting report
2017-04-23 06:53:31,461 - __main__ - DEBUG - Receiving GPS Coordinates -96.7758477946,32.9865185079
2017-04-23 06:53:31,462 - __main__ - DEBUG - Submitting report
2017-04-23 06:53:31,938 - __main__ - DEBUG - Receiving RPM 1000
2017-04-23 06:53:31,938 - __main__ - DEBUG - Submitting report
2017-04-23 06:53:32,050 - __main__ - DEBUG - Receiving Air Flow 1000
2017-04-23 06:53:32,051 - __main__ - DEBUG - Submitting report
2017-04-23 06:53:33,137 - __main__ - DEBUG - Receiving GPS Coordinates -96.7758477946,32.9865185079
2017-04-23 06:53:33,138 - __main__ - DEBUG - Submitting report
2017-04-23 06:53:33,366 - __main__ - DEBUG - Receiving Air Flow 3000
2017-04-23 06:53:33,367 - __main__ - DEBUG - Submitting report
2017-04-23 06:53:34,253 - __main__ - DEBUG - Receiving RPM 7000
2017-04-23 06:53:34,254 - __main__ - DEBUG - Submitting report
2017-04-23 06:53:34,671 - __main__ - DEBUG - Receiving Air Flow 8000
2017-04-23 06:53:34,672 - __main__ - DEBUG - Submitting report
2017-04-23 06:53:34,913 - __main__ - DEBUG - Receiving GPS Coordinates -96.7758311984,32.9865076952
2017-04-23 06:53:34,913 - __main__ - DEBUG - Submitting report
2017-04-23 06:53:35,976 - __main__ - DEBUG - Receiving Air Flow 8000
2017-04-23 06:53:35,977 - __main__ - DEBUG - Submitting report
2017-04-23 06:53:36,553 - __main__ - DEBUG - Receiving RPM 9000
2017-04-23 06:53:36,554 - __main__ - DEBUG - Submitting report
2017-04-23 06:53:36,677 - __main__ - DEBUG - Receiving GPS Coordinates -96.775830947,32.9865123052
2017-04-23 06:53:36,678 - __main__ - DEBUG - Submitting report
2017-04-23 06:53:37,288 - __main__ - DEBUG - Receiving Air Flow 5000
2017-04-23 06:53:37,289 - __main__ - DEBUG - Submitting report
2017-04-23 06:53:38,604 - __main__ - DEBUG - Receiving Air Flow 1000
2017-04-23 06:53:38,605 - __main__ - DEBUG - Submitting report
2017-04-23 06:53:38,615 - __main__ - DEBUG - Receiving GPS Coordinates -96.7758241576,32.9865135206
2017-04-23 06:53:38,616 - __main__ - DEBUG - Submitting report
2017-04-23 06:53:38,853 - __main__ - DEBUG - Receiving RPM 1000
2017-04-23 06:53:38,854 - __main__ - DEBUG - Submitting report
2017-04-23 06:53:39,941 - __main__ - DEBUG - Receiving Air Flow 9000
2017-04-23 06:53:39,942 - __main__ - DEBUG - Submitting report
2017-04-23 06:53:40,376 - __main__ - DEBUG - Receiving GPS Coordinates -96.7758112495,32.9865220702
2017-04-23 06:53:40,377 - __main__ - DEBUG - Submitting report
2017-04-23 06:53:41,146 - __main__ - DEBUG - Receiving RPM 8000
2017-04-23 06:53:41,147 - __main__ - DEBUG - Submitting report
2017-04-23 06:53:41,262 - __main__ - DEBUG - Receiving Air Flow 1000
2017-04-23 06:53:41,263 - __main__ - DEBUG - Submitting report
2017-04-23 06:53:42,187 - __main__ - DEBUG - Receiving GPS Coordinates -96.7758117524,32.9865270993
2017-04-23 06:53:42,187 - __main__ - DEBUG - Submitting report
2017-04-23 06:53:42,582 - __main__ - DEBUG - Receiving Air Flow 3000
2017-04-23 06:53:42,583 - __main__ - DEBUG - Submitting report
2017-04-23 06:53:43,472 - __main__ - DEBUG - Receiving RPM 7000
2017-04-23 06:53:43,472 - __main__ - DEBUG - Submitting report
2017-04-23 06:53:43,895 - __main__ - DEBUG - Receiving Air Flow 1000
2017-04-23 06:53:43,896 - __main__ - DEBUG - Submitting report
2017-04-23 06:53:43,960 - __main__ - DEBUG - Receiving GPS Coordinates -96.7758206372,32.9865321704
2017-04-23 06:53:43,961 - __main__ - DEBUG - Submitting report
2017-04-23 06:53:45,216 - __main__ - DEBUG - Receiving Air Flow 1000
2017-04-23 06:53:45,217 - __main__ - DEBUG - Submitting report
2017-04-23 06:53:45,757 - __main__ - DEBUG - Receiving GPS Coordinates -96.7758062203,32.98654994
2017-04-23 06:53:45,757 - __main__ - DEBUG - Submitting report
2017-04-23 06:53:45,788 - __main__ - DEBUG - Receiving RPM 2000
2017-04-23 06:53:45,789 - __main__ - DEBUG - Submitting report
2017-04-23 06:53:46,596 - __main__ - DEBUG - Receiving Air Flow 8000
2017-04-23 06:53:46,597 - __main__ - DEBUG - Submitting report
2017-04-23 06:53:47,480 - __main__ - DEBUG - Receiving GPS Coordinates -96.775794821,32.9865592858
2017-04-23 06:53:47,481 - __main__ - DEBUG - Submitting report
2017-04-23 06:53:47,896 - __main__ - DEBUG - Receiving Air Flow 3000
2017-04-23 06:53:47,897 - __main__ - DEBUG - Submitting report
2017-04-23 06:53:48,096 - __main__ - DEBUG - Receiving RPM 4000
2017-04-23 06:53:48,097 - __main__ - DEBUG - Submitting report
2017-04-23 06:53:49,160 - __main__ - DEBUG - Receiving GPS Coordinates -96.7757738662,32.9865680868
2017-04-23 06:53:49,161 - __main__ - DEBUG - Submitting report
2017-04-23 06:53:49,210 - __main__ - DEBUG - Receiving Air Flow 6000
2017-04-23 06:53:49,211 - __main__ - DEBUG - Submitting report
2017-04-23 06:53:50,411 - __main__ - DEBUG - Receiving RPM 5000
2017-04-23 06:53:50,412 - __main__ - DEBUG - Submitting report
2017-04-23 06:53:50,526 - __main__ - DEBUG - Receiving Air Flow 5000
2017-04-23 06:53:50,527 - __main__ - DEBUG - Submitting report
2017-04-23 06:53:50,837 - __main__ - DEBUG - Receiving GPS Coordinates -96.7757648137,32.9865730321
2017-04-23 06:53:50,838 - __main__ - DEBUG - Submitting report
2017-04-23 06:53:51,844 - __main__ - DEBUG - Receiving Air Flow 2000
2017-04-23 06:53:51,845 - __main__ - DEBUG - Submitting report
2017-04-23 06:53:52,513 - __main__ - DEBUG - Receiving GPS Coordinates -96.7757323758,32.9865885387
2017-04-23 06:53:52,514 - __main__ - DEBUG - Submitting report
2017-04-23 06:53:52,732 - __main__ - DEBUG - Receiving RPM 3000
2017-04-23 06:53:52,733 - __main__ - DEBUG - Submitting report
2017-04-23 06:53:53,176 - __main__ - DEBUG - Receiving Air Flow 5000
2017-04-23 06:53:53,177 - __main__ - DEBUG - Submitting report
2017-04-23 06:53:54,390 - __main__ - DEBUG - Receiving GPS Coordinates -96.7757243291,32.9865892092
2017-04-23 06:53:54,391 - __main__ - DEBUG - Submitting report
2017-04-23 06:53:54,490 - __main__ - DEBUG - Receiving Air Flow 9000
2017-04-23 06:53:54,491 - __main__ - DEBUG - Submitting report
2017-04-23 06:53:55,038 - __main__ - DEBUG - Receiving RPM 9000
2017-04-23 06:53:55,039 - __main__ - DEBUG - Submitting report
2017-04-23 06:53:55,798 - __main__ - DEBUG - Receiving Air Flow 3000
2017-04-23 06:53:55,799 - __main__ - DEBUG - Submitting report
2017-04-23 06:53:56,043 - __main__ - DEBUG - Receiving GPS Coordinates -96.775716534,32.9865870718
2017-04-23 06:53:56,043 - __main__ - DEBUG - Submitting report
2017-04-23 06:53:57,115 - __main__ - DEBUG - Receiving Air Flow 3000
2017-04-23 06:53:57,116 - __main__ - DEBUG - Submitting report
2017-04-23 06:53:57,368 - __main__ - DEBUG - Receiving RPM 7000
2017-04-23 06:53:57,369 - __main__ - DEBUG - Submitting report
2017-04-23 06:53:57,877 - __main__ - DEBUG - Receiving GPS Coordinates -96.7757085712,32.9865858984
2017-04-23 06:53:57,877 - __main__ - DEBUG - Submitting report
2017-04-23 06:53:58,454 - __main__ - DEBUG - Receiving Air Flow 4000
2017-04-23 06:53:58,455 - __main__ - DEBUG - Submitting report
2017-04-23 06:53:59,532 - __main__ - DEBUG - Receiving GPS Coordinates -96.7756904663,32.9865872814
2017-04-23 06:53:59,532 - __main__ - DEBUG - Submitting report
2017-04-23 06:53:59,682 - __main__ - DEBUG - Receiving RPM 5000
2017-04-23 06:53:59,683 - __main__ - DEBUG - Submitting report
2017-04-23 06:53:59,755 - __main__ - DEBUG - Receiving Air Flow 6000
2017-04-23 06:53:59,756 - __main__ - DEBUG - Submitting report
2017-04-23 06:54:01,079 - __main__ - DEBUG - Receiving Air Flow 2000
2017-04-23 06:54:01,080 - __main__ - DEBUG - Submitting report
2017-04-23 06:54:01,218 - __main__ - DEBUG - Receiving GPS Coordinates -96.7756740377,32.9865845992
2017-04-23 06:54:01,218 - __main__ - DEBUG - Submitting report
2017-04-23 06:54:02,019 - __main__ - DEBUG - Receiving RPM 9000
2017-04-23 06:54:02,019 - __main__ - DEBUG - Submitting report
2017-04-23 06:54:02,395 - __main__ - DEBUG - Receiving Air Flow 1000
2017-04-23 06:54:02,396 - __main__ - DEBUG - Submitting report
2017-04-23 06:54:02,878 - __main__ - DEBUG - Receiving GPS Coordinates -96.7756677513,32.9865838448
2017-04-23 06:54:02,879 - __main__ - DEBUG - Submitting report
2017-04-23 06:54:03,717 - __main__ - DEBUG - Receiving Air Flow 4000
2017-04-23 06:54:03,718 - __main__ - DEBUG - Submitting report
2017-04-23 06:54:04,325 - __main__ - DEBUG - Receiving RPM 4000
2017-04-23 06:54:04,326 - __main__ - DEBUG - Submitting report
2017-04-23 06:54:04,517 - __main__ - DEBUG - Receiving GPS Coordinates -96.7756677513,32.9865838448
2017-04-23 06:54:04,518 - __main__ - DEBUG - Submitting report
2017-04-23 06:54:05,037 - __main__ - DEBUG - Receiving Air Flow 8000
2017-04-23 06:54:05,038 - __main__ - DEBUG - Submitting report
2017-04-23 06:54:06,300 - __main__ - DEBUG - Receiving GPS Coordinates -96.7756644824,32.9865790671
2017-04-23 06:54:06,301 - __main__ - DEBUG - Submitting report
2017-04-23 06:54:06,366 - __main__ - DEBUG - Receiving Air Flow 5000
2017-04-23 06:54:06,367 - __main__ - DEBUG - Submitting report
2017-04-23 06:54:06,642 - __main__ - DEBUG - Receiving RPM 2000
2017-04-23 06:54:06,643 - __main__ - DEBUG - Submitting report
2017-04-23 06:54:07,680 - __main__ - DEBUG - Receiving Air Flow 9000
2017-04-23 06:54:07,681 - __main__ - DEBUG - Submitting report
2017-04-23 06:54:08,084 - __main__ - DEBUG - Receiving GPS Coordinates -96.7756659911,32.986578187
2017-04-23 06:54:08,085 - __main__ - DEBUG - Submitting report
2017-04-23 06:54:08,939 - __main__ - DEBUG - Receiving RPM 5000
2017-04-23 06:54:08,939 - __main__ - DEBUG - Submitting report
2017-04-23 06:54:09,038 - __main__ - DEBUG - Receiving Air Flow 9000
2017-04-23 06:54:09,039 - __main__ - DEBUG - Submitting report
2017-04-23 06:54:09,943 - __main__ - DEBUG - Receiving GPS Coordinates -96.7756659911,32.986578187
2017-04-23 06:54:09,944 - __main__ - DEBUG - Submitting report
2017-04-23 06:54:10,341 - __main__ - DEBUG - Receiving Air Flow 9000
2017-04-23 06:54:10,342 - __main__ - DEBUG - Submitting report
2017-04-23 06:54:11,262 - __main__ - DEBUG - Receiving RPM 9000
2017-04-23 06:54:11,262 - __main__ - DEBUG - Submitting report
2017-04-23 06:54:11,648 - __main__ - DEBUG - Receiving Air Flow 3000
2017-04-23 06:54:11,649 - __main__ - DEBUG - Submitting report
2017-04-23 06:54:11,737 - __main__ - DEBUG - Receiving GPS Coordinates -96.7756659911,32.986578187
2017-04-23 06:54:11,737 - __main__ - DEBUG - Submitting report
2017-04-23 06:54:12,972 - __main__ - DEBUG - Receiving Air Flow 2000
2017-04-23 06:54:12,973 - __main__ - DEBUG - Submitting report
2017-04-23 06:54:13,431 - __main__ - DEBUG - Receiving GPS Coordinates -96.7756659911,32.986578187
2017-04-23 06:54:13,432 - __main__ - DEBUG - Submitting report
2017-04-23 06:54:13,576 - __main__ - DEBUG - Receiving RPM 5000
2017-04-23 06:54:13,577 - __main__ - DEBUG - Submitting report
2017-04-23 06:54:14,272 - __main__ - DEBUG - Receiving Air Flow 4000
2017-04-23 06:54:14,273 - __main__ - DEBUG - Submitting report
2017-04-23 06:54:15,035 - __main__ - DEBUG - Receiving GPS Coordinates -96.7756659911,32.986578187
2017-04-23 06:54:15,035 - __main__ - DEBUG - Submitting report
2017-04-23 06:54:15,564 - __main__ - DEBUG - Receiving Air Flow 3000
2017-04-23 06:54:15,565 - __main__ - DEBUG - Submitting report
2017-04-23 06:54:15,896 - __main__ - DEBUG - Receiving RPM 2000
2017-04-23 06:54:15,897 - __main__ - DEBUG - Submitting report
2017-04-23 06:54:16,813 - __main__ - DEBUG - Receiving GPS Coordinates -96.7756659911,32.986578187
2017-04-23 06:54:16,814 - __main__ - DEBUG - Submitting report
2017-04-23 06:54:16,877 - __main__ - DEBUG - Receiving Air Flow 8000
2017-04-23 06:54:16,878 - __main__ - DEBUG - Submitting report
2017-04-23 06:54:18,158 - __main__ - DEBUG - Receiving Air Flow 5000
2017-04-23 06:54:18,159 - __main__ - DEBUG - Submitting report
2017-04-23 06:54:18,222 - __main__ - DEBUG - Receiving RPM 7000
2017-04-23 06:54:18,223 - __main__ - DEBUG - Submitting report
2017-04-23 06:54:18,474 - __main__ - DEBUG - Receiving GPS Coordinates -96.7756659911,32.986578187
2017-04-23 06:54:18,474 - __main__ - DEBUG - Submitting report
2017-04-23 06:54:19,477 - __main__ - DEBUG - Receiving Air Flow 9000
2017-04-23 06:54:19,477 - __main__ - DEBUG - Submitting report
2017-04-23 06:54:20,345 - __main__ - DEBUG - Receiving GPS Coordinates -96.7756659911,32.986578187
2017-04-23 06:54:20,345 - __main__ - DEBUG - Submitting report
2017-04-23 06:54:20,532 - __main__ - DEBUG - Receiving RPM 3000
2017-04-23 06:54:20,533 - __main__ - DEBUG - Submitting report
2017-04-23 06:54:20,816 - __main__ - DEBUG - Receiving Air Flow 9000
2017-04-23 06:54:20,817 - __main__ - DEBUG - Submitting report
2017-04-23 06:54:21,980 - __main__ - DEBUG - Receiving GPS Coordinates -96.7756659911,32.986578187
2017-04-23 06:54:21,981 - __main__ - DEBUG - Submitting report
2017-04-23 06:54:22,116 - __main__ - DEBUG - Receiving Air Flow 5000
2017-04-23 06:54:22,117 - __main__ - DEBUG - Submitting report
2017-04-23 06:54:22,875 - __main__ - DEBUG - Receiving RPM 6000
2017-04-23 06:54:22,876 - __main__ - DEBUG - Submitting report
2017-04-23 06:54:23,418 - __main__ - DEBUG - Receiving Air Flow 6000
2017-04-23 06:54:23,419 - __main__ - DEBUG - Submitting report
2017-04-23 06:54:23,639 - __main__ - DEBUG - Receiving GPS Coordinates -96.7756659911,32.986578187
2017-04-23 06:54:23,639 - __main__ - DEBUG - Submitting report
2017-04-23 06:54:24,737 - __main__ - DEBUG - Receiving Air Flow 1000
2017-04-23 06:54:24,737 - __main__ - DEBUG - Submitting report
2017-04-23 06:54:25,192 - __main__ - DEBUG - Receiving RPM 9000
2017-04-23 06:54:25,193 - __main__ - DEBUG - Submitting report
2017-04-23 06:54:25,396 - __main__ - DEBUG - Receiving GPS Coordinates -96.7756659911,32.986578187
2017-04-23 06:54:25,397 - __main__ - DEBUG - Submitting report
2017-04-23 06:54:26,048 - __main__ - DEBUG - Receiving Air Flow 5000
2017-04-23 06:54:26,049 - __main__ - DEBUG - Submitting report
2017-04-23 06:54:27,359 - __main__ - DEBUG - Receiving Air Flow 4000
2017-04-23 06:54:27,359 - __main__ - DEBUG - Submitting report
2017-04-23 06:54:27,498 - __main__ - DEBUG - Receiving RPM 1000
2017-04-23 06:54:27,499 - __main__ - DEBUG - Submitting report
2017-04-23 06:54:27,512 - __main__ - DEBUG - Receiving GPS Coordinates -96.7756659911,32.986578187
2017-04-23 06:54:27,513 - __main__ - DEBUG - Submitting report
2017-04-23 06:54:28,657 - __main__ - DEBUG - Receiving Air Flow 3000
2017-04-23 06:54:28,658 - __main__ - DEBUG - Submitting report
2017-04-23 06:54:29,389 - __main__ - DEBUG - Receiving GPS Coordinates -96.7756659911,32.986578187
2017-04-23 06:54:29,390 - __main__ - DEBUG - Submitting report
2017-04-23 06:54:29,801 - __main__ - DEBUG - Receiving RPM 6000
2017-04-23 06:54:29,802 - __main__ - DEBUG - Submitting report
2017-04-23 06:54:29,981 - __main__ - DEBUG - Receiving Air Flow 3000
2017-04-23 06:54:29,981 - __main__ - DEBUG - Submitting report
2017-04-23 06:54:31,325 - __main__ - DEBUG - Receiving Air Flow 3000
2017-04-23 06:54:31,325 - __main__ - DEBUG - Submitting report
2017-04-23 06:54:31,532 - __main__ - DEBUG - Receiving GPS Coordinates -96.7756659911,32.986578187
2017-04-23 06:54:31,533 - __main__ - DEBUG - Submitting report
2017-04-23 06:54:32,157 - __main__ - DEBUG - Receiving RPM 1000
2017-04-23 06:54:32,158 - __main__ - DEBUG - Submitting report
2017-04-23 06:54:32,639 - __main__ - DEBUG - Receiving Air Flow 6000
2017-04-23 06:54:32,640 - __main__ - DEBUG - Submitting report
2017-04-23 06:54:33,522 - __main__ - DEBUG - Receiving GPS Coordinates -96.7756605429,32.9865741218
2017-04-23 06:54:33,523 - __main__ - DEBUG - Submitting report
2017-04-23 06:54:33,961 - __main__ - DEBUG - Receiving Air Flow 2000
2017-04-23 06:54:33,961 - __main__ - DEBUG - Submitting report
2017-04-23 06:54:34,479 - __main__ - DEBUG - Receiving RPM 2000
2017-04-23 06:54:34,480 - __main__ - DEBUG - Submitting report
2017-04-23 06:54:35,276 - __main__ - DEBUG - Receiving Air Flow 6000
2017-04-23 06:54:35,277 - __main__ - DEBUG - Submitting report
2017-04-23 06:54:35,558 - __main__ - DEBUG - Receiving GPS Coordinates -96.7756607943,32.9865708947
2017-04-23 06:54:35,559 - __main__ - DEBUG - Submitting report
2017-04-23 06:54:36,639 - __main__ - DEBUG - Receiving Air Flow 8000
2017-04-23 06:54:36,640 - __main__ - DEBUG - Submitting report
2017-04-23 06:54:36,772 - __main__ - DEBUG - Receiving RPM 7000
2017-04-23 06:54:36,772 - __main__ - DEBUG - Submitting report
2017-04-23 06:54:37,368 - __main__ - DEBUG - Receiving GPS Coordinates -96.7756607943,32.9865708947
2017-04-23 06:54:37,369 - __main__ - DEBUG - Submitting report
2017-04-23 06:54:38,000 - __main__ - DEBUG - Receiving Air Flow 7000
2017-04-23 06:54:38,000 - __main__ - DEBUG - Submitting report
2017-04-23 06:54:39,243 - __main__ - DEBUG - Receiving RPM 6000
2017-04-23 06:54:39,244 - __main__ - DEBUG - Submitting report
2017-04-23 06:54:39,245 - __main__ - DEBUG - Receiving GPS Coordinates -96.7756607943,32.9865708947
2017-04-23 06:54:39,247 - __main__ - DEBUG - Submitting report
2017-04-23 06:54:39,386 - __main__ - DEBUG - Receiving Air Flow 7000
2017-04-23 06:54:39,387 - __main__ - DEBUG - Submitting report
2017-04-23 06:54:40,720 - __main__ - DEBUG - Receiving Air Flow 3000
2017-04-23 06:54:40,721 - __main__ - DEBUG - Submitting report
2017-04-23 06:54:40,899 - __main__ - DEBUG - Receiving GPS Coordinates -96.7756513228,32.9865517002
2017-04-23 06:54:40,900 - __main__ - DEBUG - Submitting report
2017-04-23 06:54:41,594 - __main__ - DEBUG - Receiving RPM 7000
2017-04-23 06:54:41,595 - __main__ - DEBUG - Submitting report
2017-04-23 06:54:42,019 - __main__ - DEBUG - Receiving Air Flow 6000
2017-04-23 06:54:42,019 - __main__ - DEBUG - Submitting report
2017-04-23 06:54:42,697 - __main__ - DEBUG - Receiving GPS Coordinates -96.7756513228,32.9865517002
2017-04-23 06:54:42,698 - __main__ - DEBUG - Submitting report
2017-04-23 06:54:43,339 - __main__ - DEBUG - Receiving Air Flow 3000
2017-04-23 06:54:43,340 - __main__ - DEBUG - Submitting report
2017-04-23 06:54:43,935 - __main__ - DEBUG - Receiving RPM 5000
2017-04-23 06:54:43,943 - __main__ - DEBUG - Submitting report
2017-04-23 06:54:44,378 - __main__ - DEBUG - Receiving GPS Coordinates -96.7756513228,32.9865517002
2017-04-23 06:54:44,379 - __main__ - DEBUG - Submitting report
2017-04-23 06:54:44,648 - __main__ - DEBUG - Receiving Air Flow 6000
2017-04-23 06:54:44,648 - __main__ - DEBUG - Submitting report
2017-04-23 06:54:45,958 - __main__ - DEBUG - Receiving Air Flow 1000
2017-04-23 06:54:45,959 - __main__ - DEBUG - Submitting report
2017-04-23 06:54:46,094 - __main__ - DEBUG - Receiving GPS Coordinates -96.7756513228,32.9865517002
2017-04-23 06:54:46,094 - __main__ - DEBUG - Submitting report
2017-04-23 06:54:46,227 - __main__ - DEBUG - Receiving RPM 7000
2017-04-23 06:54:46,228 - __main__ - DEBUG - Submitting report
2017-04-23 06:54:47,254 - __main__ - DEBUG - Receiving Air Flow 5000
2017-04-23 06:54:47,255 - __main__ - DEBUG - Submitting report
2017-04-23 06:54:48,025 - __main__ - DEBUG - Receiving GPS Coordinates -96.7756513228,32.9865517002
2017-04-23 06:54:48,025 - __main__ - DEBUG - Submitting report
2017-04-23 06:54:48,537 - __main__ - DEBUG - Receiving RPM 7000
2017-04-23 06:54:48,538 - __main__ - DEBUG - Submitting report
2017-04-23 06:54:48,558 - __main__ - DEBUG - Receiving Air Flow 5000
2017-04-23 06:54:48,558 - __main__ - DEBUG - Submitting report
2017-04-23 06:54:49,791 - __main__ - DEBUG - Receiving GPS Coordinates -96.7756513228,32.9865517002
2017-04-23 06:54:49,792 - __main__ - DEBUG - Submitting report
2017-04-23 06:54:49,844 - __main__ - DEBUG - Receiving Air Flow 9000
2017-04-23 06:54:49,845 - __main__ - DEBUG - Submitting report
2017-04-23 06:54:50,889 - __main__ - DEBUG - Receiving RPM 2000
2017-04-23 06:54:50,890 - __main__ - DEBUG - Submitting report
2017-04-23 06:54:51,177 - __main__ - DEBUG - Receiving Air Flow 3000
2017-04-23 06:54:51,178 - __main__ - DEBUG - Submitting report
2017-04-23 06:54:51,653 - __main__ - DEBUG - Receiving GPS Coordinates -96.7756513228,32.9865517002
2017-04-23 06:54:51,654 - __main__ - DEBUG - Submitting report
2017-04-23 06:54:52,499 - __main__ - DEBUG - Receiving Air Flow 4000
2017-04-23 06:54:52,500 - __main__ - DEBUG - Submitting report
2017-04-23 06:54:53,197 - __main__ - DEBUG - Receiving RPM 7000
2017-04-23 06:54:53,198 - __main__ - DEBUG - Submitting report
2017-04-23 06:54:53,419 - __main__ - DEBUG - Receiving GPS Coordinates -96.7756513228,32.9865517002
2017-04-23 06:54:53,419 - __main__ - DEBUG - Submitting report
2017-04-23 06:54:53,798 - __main__ - DEBUG - Receiving Air Flow 2000
2017-04-23 06:54:53,799 - __main__ - DEBUG - Submitting report
2017-04-23 06:54:55,118 - __main__ - DEBUG - Receiving Air Flow 3000
2017-04-23 06:54:55,119 - __main__ - DEBUG - Submitting report
2017-04-23 06:54:55,230 - __main__ - DEBUG - Receiving GPS Coordinates -96.7756513228,32.9865517002
2017-04-23 06:54:55,231 - __main__ - DEBUG - Submitting report
2017-04-23 06:54:55,520 - __main__ - DEBUG - Receiving RPM 9000
2017-04-23 06:54:55,520 - __main__ - DEBUG - Submitting report
2017-04-23 06:54:56,458 - __main__ - DEBUG - Receiving Air Flow 7000
2017-04-23 06:54:56,459 - __main__ - DEBUG - Submitting report
2017-04-23 06:54:56,879 - __main__ - DEBUG - Receiving GPS Coordinates -96.7756513228,32.9865517002
2017-04-23 06:54:56,880 - __main__ - DEBUG - Submitting report
2017-04-23 06:54:57,767 - __main__ - DEBUG - Receiving Air Flow 5000
2017-04-23 06:54:57,767 - __main__ - DEBUG - Submitting report
2017-04-23 06:54:57,915 - __main__ - DEBUG - Receiving RPM 3000
2017-04-23 06:54:57,916 - __main__ - DEBUG - Submitting report
2017-04-23 06:54:58,478 - __main__ - DEBUG - Receiving GPS Coordinates -96.7756455393,32.9865526222
2017-04-23 06:54:58,479 - __main__ - DEBUG - Submitting report
2017-04-23 06:54:59,131 - __main__ - DEBUG - Receiving Air Flow 7000
2017-04-23 06:54:59,132 - __main__ - DEBUG - Submitting report
2017-04-23 06:55:00,230 - __main__ - DEBUG - Receiving RPM 4000
2017-04-23 06:55:00,236 - __main__ - DEBUG - Submitting report
2017-04-23 06:55:00,237 - __main__ - DEBUG - Receiving GPS Coordinates -96.7756455393,32.9865526222
2017-04-23 06:55:00,244 - __main__ - DEBUG - Submitting report
2017-04-23 06:55:00,467 - __main__ - DEBUG - Receiving Air Flow 1000
2017-04-23 06:55:00,467 - __main__ - DEBUG - Submitting report
2017-04-23 06:55:01,775 - __main__ - DEBUG - Receiving Air Flow 8000
2017-04-23 06:55:01,776 - __main__ - DEBUG - Submitting report
2017-04-23 06:55:01,898 - __main__ - DEBUG - Receiving GPS Coordinates -96.7756472156,32.9865498562
2017-04-23 06:55:01,899 - __main__ - DEBUG - Submitting report
2017-04-23 06:55:02,559 - __main__ - DEBUG - Receiving RPM 1000
2017-04-23 06:55:02,559 - __main__ - DEBUG - Submitting report
2017-04-23 06:55:03,078 - __main__ - DEBUG - Receiving Air Flow 6000
2017-04-23 06:55:03,079 - __main__ - DEBUG - Submitting report
2017-04-23 06:55:03,658 - __main__ - DEBUG - Receiving GPS Coordinates -96.7756472156,32.9865498562
2017-04-23 06:55:03,659 - __main__ - DEBUG - Submitting report
2017-04-23 06:55:04,399 - __main__ - DEBUG - Receiving Air Flow 7000
2017-04-23 06:55:04,399 - __main__ - DEBUG - Submitting report
2017-04-23 06:55:04,879 - __main__ - DEBUG - Receiving RPM 7000
2017-04-23 06:55:04,880 - __main__ - DEBUG - Submitting report
2017-04-23 06:55:05,340 - __main__ - DEBUG - Receiving GPS Coordinates -96.7756472156,32.9865498562
2017-04-23 06:55:05,341 - __main__ - DEBUG - Submitting report
2017-04-23 06:55:05,719 - __main__ - DEBUG - Receiving Air Flow 6000
2017-04-23 06:55:05,719 - __main__ - DEBUG - Submitting report
2017-04-23 06:55:07,106 - __main__ - DEBUG - Receiving GPS Coordinates -96.7756472156,32.9865498562
2017-04-23 06:55:07,107 - __main__ - DEBUG - Submitting report
2017-04-23 06:55:07,114 - __main__ - DEBUG - Receiving Air Flow 1000
2017-04-23 06:55:07,115 - __main__ - DEBUG - Submitting report
2017-04-23 06:55:07,193 - __main__ - DEBUG - Receiving RPM 1000
2017-04-23 06:55:07,193 - __main__ - DEBUG - Submitting report
2017-04-23 06:55:08,459 - __main__ - DEBUG - Receiving Air Flow 9000
2017-04-23 06:55:08,459 - __main__ - DEBUG - Submitting report
2017-04-23 06:55:09,029 - __main__ - DEBUG - Receiving GPS Coordinates -96.7756472156,32.9865498562
2017-04-23 06:55:09,029 - __main__ - DEBUG - Submitting report
2017-04-23 06:55:09,520 - __main__ - DEBUG - Receiving RPM 7000
2017-04-23 06:55:09,521 - __main__ - DEBUG - Submitting report
2017-04-23 06:55:09,898 - __main__ - DEBUG - Receiving Air Flow 6000
2017-04-23 06:55:09,899 - __main__ - DEBUG - Submitting report
2017-04-23 06:55:10,695 - __main__ - DEBUG - Receiving GPS Coordinates -96.7756472156,32.9865498562
2017-04-23 06:55:10,695 - __main__ - DEBUG - Submitting report
2017-04-23 06:55:11,199 - __main__ - DEBUG - Receiving Air Flow 6000
2017-04-23 06:55:11,199 - __main__ - DEBUG - Submitting report
2017-04-23 06:55:11,820 - __main__ - DEBUG - Receiving RPM 7000
2017-04-23 06:55:11,820 - __main__ - DEBUG - Submitting report
2017-04-23 06:55:12,459 - __main__ - DEBUG - Receiving GPS Coordinates -96.7756472156,32.9865498562
2017-04-23 06:55:12,460 - __main__ - DEBUG - Submitting report
2017-04-23 06:55:12,558 - __main__ - DEBUG - Receiving Air Flow 9000
2017-04-23 06:55:12,559 - __main__ - DEBUG - Submitting report
2017-04-23 06:55:13,853 - __main__ - DEBUG - Receiving Air Flow 9000
2017-04-23 06:55:13,854 - __main__ - DEBUG - Submitting report
2017-04-23 06:55:14,172 - __main__ - DEBUG - Receiving GPS Coordinates -96.7756472156,32.9865498562
2017-04-23 06:55:14,173 - __main__ - DEBUG - Submitting report
2017-04-23 06:55:14,175 - __main__ - DEBUG - Receiving RPM 7000
2017-04-23 06:55:14,176 - __main__ - DEBUG - Submitting report
2017-04-23 06:55:15,200 - __main__ - DEBUG - Receiving Air Flow 6000
2017-04-23 06:55:15,207 - __main__ - DEBUG - Submitting report
2017-04-23 06:55:15,846 - __main__ - DEBUG - Receiving GPS Coordinates -96.7756472156,32.9865498562
2017-04-23 06:55:15,847 - __main__ - DEBUG - Submitting report
2017-04-23 06:55:16,504 - __main__ - DEBUG - Receiving Air Flow 7000
2017-04-23 06:55:16,505 - __main__ - DEBUG - Receiving RPM 2000
2017-04-23 06:55:16,505 - __main__ - DEBUG - Submitting report
2017-04-23 06:55:16,506 - __main__ - DEBUG - Submitting report
2017-04-23 06:55:17,680 - __main__ - DEBUG - Receiving GPS Coordinates -96.7756602914,32.9865456652
2017-04-23 06:55:17,681 - __main__ - DEBUG - Submitting report
2017-04-23 06:55:17,822 - __main__ - DEBUG - Receiving Air Flow 5000
2017-04-23 06:55:17,823 - __main__ - DEBUG - Submitting report
2017-04-23 06:55:18,878 - __main__ - DEBUG - Receiving RPM 2000
2017-04-23 06:55:18,879 - __main__ - DEBUG - Submitting report
2017-04-23 06:55:19,143 - __main__ - DEBUG - Receiving Air Flow 8000
2017-04-23 06:55:19,143 - __main__ - DEBUG - Submitting report
2017-04-23 06:55:19,339 - __main__ - DEBUG - Receiving GPS Coordinates -96.7756731995,32.9865474254
2017-04-23 06:55:19,340 - __main__ - DEBUG - Submitting report
2017-04-23 06:55:20,468 - __main__ - DEBUG - Receiving Air Flow 6000
2017-04-23 06:55:20,468 - __main__ - DEBUG - Submitting report
2017-04-23 06:55:21,137 - __main__ - DEBUG - Receiving GPS Coordinates -96.7756897119,32.9865449528
2017-04-23 06:55:21,137 - __main__ - DEBUG - Submitting report
2017-04-23 06:55:21,238 - __main__ - DEBUG - Receiving RPM 9000
2017-04-23 06:55:21,238 - __main__ - DEBUG - Submitting report
2017-04-23 06:55:21,836 - __main__ - DEBUG - Receiving Air Flow 7000
2017-04-23 06:55:21,836 - __main__ - DEBUG - Submitting report
2017-04-23 06:55:22,758 - __main__ - DEBUG - Receiving GPS Coordinates -96.7757020333,32.986530955
2017-04-23 06:55:22,759 - __main__ - DEBUG - Submitting report
2017-04-23 06:55:23,178 - __main__ - DEBUG - Receiving Air Flow 8000
2017-04-23 06:55:23,178 - __main__ - DEBUG - Submitting report
2017-04-23 06:55:23,538 - __main__ - DEBUG - Receiving RPM 9000
2017-04-23 06:55:23,539 - __main__ - DEBUG - Submitting report
2017-04-23 06:55:24,482 - __main__ - DEBUG - Receiving Air Flow 4000
2017-04-23 06:55:24,483 - __main__ - DEBUG - Submitting report
2017-04-23 06:55:24,536 - __main__ - DEBUG - Receiving GPS Coordinates -96.7757137679,32.9865315417
2017-04-23 06:55:24,537 - __main__ - DEBUG - Submitting report
2017-04-23 06:55:25,775 - __main__ - DEBUG - Receiving Air Flow 3000
2017-04-23 06:55:25,776 - __main__ - DEBUG - Submitting report
2017-04-23 06:55:25,869 - __main__ - DEBUG - Receiving RPM 5000
2017-04-23 06:55:25,870 - __main__ - DEBUG - Submitting report
2017-04-23 06:55:26,208 - __main__ - DEBUG - Receiving GPS Coordinates -96.7757213117,32.9865304521
2017-04-23 06:55:26,208 - __main__ - DEBUG - Submitting report
2017-04-23 06:55:27,091 - __main__ - DEBUG - Receiving Air Flow 3000
2017-04-23 06:55:27,092 - __main__ - DEBUG - Submitting report
2017-04-23 06:55:27,923 - __main__ - DEBUG - Receiving GPS Coordinates -96.7757313699,32.9865289014
2017-04-23 06:55:27,924 - __main__ - DEBUG - Submitting report
2017-04-23 06:55:28,177 - __main__ - DEBUG - Receiving RPM 4000
2017-04-23 06:55:28,178 - __main__ - DEBUG - Submitting report
2017-04-23 06:55:28,406 - __main__ - DEBUG - Receiving Air Flow 5000
2017-04-23 06:55:28,406 - __main__ - DEBUG - Submitting report
2017-04-23 06:55:29,572 - __main__ - DEBUG - Receiving GPS Coordinates -96.775737824,32.9865269736
2017-04-23 06:55:29,572 - __main__ - DEBUG - Submitting report
2017-04-23 06:55:29,723 - __main__ - DEBUG - Receiving Air Flow 1000
2017-04-23 06:55:29,723 - __main__ - DEBUG - Submitting report
2017-04-23 06:55:30,513 - __main__ - DEBUG - Receiving RPM 2000
2017-04-23 06:55:30,514 - __main__ - DEBUG - Submitting report
2017-04-23 06:55:31,320 - __main__ - DEBUG - Receiving Air Flow 5000
2017-04-23 06:55:31,321 - __main__ - DEBUG - Submitting report
2017-04-23 06:55:31,518 - __main__ - DEBUG - Receiving GPS Coordinates -96.7757565157,32.9865071085
2017-04-23 06:55:31,519 - __main__ - DEBUG - Submitting report
2017-04-23 06:55:32,646 - __main__ - DEBUG - Receiving Air Flow 7000
2017-04-23 06:55:32,646 - __main__ - DEBUG - Submitting report
2017-04-23 06:55:32,856 - __main__ - DEBUG - Receiving RPM 7000
2017-04-23 06:55:32,856 - __main__ - DEBUG - Submitting report
2017-04-23 06:55:33,190 - __main__ - DEBUG - Receiving GPS Coordinates -96.7757664063,32.9865030432
2017-04-23 06:55:33,190 - __main__ - DEBUG - Submitting report
2017-04-23 06:55:34,020 - __main__ - DEBUG - Receiving Air Flow 1000
2017-04-23 06:55:34,021 - __main__ - DEBUG - Submitting report
2017-04-23 06:55:34,796 - __main__ - DEBUG - Receiving GPS Coordinates -96.7757706811,32.9865041748
2017-04-23 06:55:34,797 - __main__ - DEBUG - Submitting report
2017-04-23 06:55:35,161 - __main__ - DEBUG - Receiving RPM 4000
2017-04-23 06:55:35,161 - __main__ - DEBUG - Submitting report
2017-04-23 06:55:35,358 - __main__ - DEBUG - Receiving Air Flow 7000
2017-04-23 06:55:35,359 - __main__ - DEBUG - Submitting report
2017-04-23 06:55:36,601 - __main__ - DEBUG - Receiving GPS Coordinates -96.7757710163,32.9865112156
2017-04-23 06:55:36,601 - __main__ - DEBUG - Submitting report
2017-04-23 06:55:36,719 - __main__ - DEBUG - Receiving Air Flow 7000
2017-04-23 06:55:36,720 - __main__ - DEBUG - Submitting report
2017-04-23 06:55:37,546 - __main__ - DEBUG - Receiving RPM 3000
2017-04-23 06:55:37,546 - __main__ - DEBUG - Submitting report
2017-04-23 06:55:38,031 - __main__ - DEBUG - Receiving Air Flow 1000
2017-04-23 06:55:38,032 - __main__ - DEBUG - Submitting report
2017-04-23 06:55:38,293 - __main__ - DEBUG - Receiving GPS Coordinates -96.7757710163,32.9865112156
2017-04-23 06:55:38,294 - __main__ - DEBUG - Submitting report
2017-04-23 06:55:39,358 - __main__ - DEBUG - Receiving Air Flow 4000
2017-04-23 06:55:39,359 - __main__ - DEBUG - Submitting report
2017-04-23 06:55:39,865 - __main__ - DEBUG - Receiving RPM 7000
2017-04-23 06:55:39,866 - __main__ - DEBUG - Submitting report
2017-04-23 06:55:39,971 - __main__ - DEBUG - Receiving GPS Coordinates -96.7757710163,32.9865112156
2017-04-23 06:55:39,972 - __main__ - DEBUG - Submitting report
2017-04-23 06:55:40,703 - __main__ - DEBUG - Receiving Air Flow 3000
2017-04-23 06:55:40,704 - __main__ - DEBUG - Submitting report
2017-04-23 06:55:41,598 - __main__ - DEBUG - Receiving GPS Coordinates -96.7757672445,32.9865103355
2017-04-23 06:55:41,599 - __main__ - DEBUG - Submitting report
2017-04-23 06:55:42,020 - __main__ - DEBUG - Receiving Air Flow 1000
2017-04-23 06:55:42,021 - __main__ - DEBUG - Submitting report
2017-04-23 06:55:42,168 - __main__ - DEBUG - Receiving RPM 8000
2017-04-23 06:55:42,168 - __main__ - DEBUG - Submitting report
2017-04-23 06:55:43,250 - __main__ - DEBUG - Receiving GPS Coordinates -96.7757498101,32.9865090782
2017-04-23 06:55:43,251 - __main__ - DEBUG - Submitting report
2017-04-23 06:55:43,329 - __main__ - DEBUG - Receiving Air Flow 8000
2017-04-23 06:55:43,330 - __main__ - DEBUG - Submitting report
2017-04-23 06:55:44,479 - __main__ - DEBUG - Receiving RPM 8000
2017-04-23 06:55:44,480 - __main__ - DEBUG - Submitting report
2017-04-23 06:55:44,612 - __main__ - DEBUG - Receiving Air Flow 2000
2017-04-23 06:55:44,612 - __main__ - DEBUG - Submitting report
2017-04-23 06:55:44,937 - __main__ - DEBUG - Receiving GPS Coordinates -96.7757340522,32.9865169153
2017-04-23 06:55:44,937 - __main__ - DEBUG - Submitting report
2017-04-23 06:55:45,916 - __main__ - DEBUG - Receiving Air Flow 8000
2017-04-23 06:55:45,917 - __main__ - DEBUG - Submitting report
2017-04-23 06:55:46,880 - __main__ - DEBUG - Receiving GPS Coordinates -96.7757249159,32.986515658
2017-04-23 06:55:46,886 - __main__ - DEBUG - Receiving RPM 1000
2017-04-23 06:55:46,886 - __main__ - DEBUG - Submitting report
2017-04-23 06:55:46,887 - __main__ - DEBUG - Submitting report
2017-04-23 06:55:47,276 - __main__ - DEBUG - Receiving Air Flow 9000
2017-04-23 06:55:47,276 - __main__ - DEBUG - Submitting report
2017-04-23 06:55:48,575 - __main__ - DEBUG - Receiving GPS Coordinates -96.775705889,32.9865185498
2017-04-23 06:55:48,576 - __main__ - DEBUG - Submitting report
2017-04-23 06:55:48,589 - __main__ - DEBUG - Receiving Air Flow 9000
2017-04-23 06:55:48,590 - __main__ - DEBUG - Submitting report
2017-04-23 06:55:49,277 - __main__ - DEBUG - Receiving RPM 5000
2017-04-23 06:55:49,278 - __main__ - DEBUG - Submitting report
2017-04-23 06:55:49,916 - __main__ - DEBUG - Receiving Air Flow 7000
2017-04-23 06:55:49,917 - __main__ - DEBUG - Submitting report
2017-04-23 06:55:50,350 - __main__ - DEBUG - Receiving GPS Coordinates -96.7757009436,32.9865216511
2017-04-23 06:55:50,350 - __main__ - DEBUG - Submitting report
2017-04-23 06:55:51,230 - __main__ - DEBUG - Receiving Air Flow 4000
2017-04-23 06:55:51,231 - __main__ - DEBUG - Submitting report
2017-04-23 06:55:51,605 - __main__ - DEBUG - Receiving RPM 6000
2017-04-23 06:55:51,605 - __main__ - DEBUG - Submitting report
2017-04-23 06:55:51,972 - __main__ - DEBUG - Receiving GPS Coordinates -96.7756992673,32.9865216092
2017-04-23 06:55:51,972 - __main__ - DEBUG - Submitting report
2017-04-23 06:55:52,533 - __main__ - DEBUG - Receiving Air Flow 9000
2017-04-23 06:55:52,534 - __main__ - DEBUG - Submitting report
2017-04-23 06:55:53,679 - __main__ - DEBUG - Receiving GPS Coordinates -96.7757082359,32.9865204776
2017-04-23 06:55:53,680 - __main__ - DEBUG - Submitting report
2017-04-23 06:55:53,924 - __main__ - DEBUG - Receiving RPM 8000
2017-04-23 06:55:53,925 - __main__ - DEBUG - Submitting report
2017-04-23 06:55:53,927 - __main__ - DEBUG - Receiving Air Flow 3000
2017-04-23 06:55:53,928 - __main__ - DEBUG - Submitting report
2017-04-23 06:55:55,266 - __main__ - DEBUG - Receiving Air Flow 9000
2017-04-23 06:55:55,266 - __main__ - DEBUG - Submitting report
2017-04-23 06:55:55,999 - __main__ - DEBUG - Receiving GPS Coordinates -96.7757194676,32.986517502
2017-04-23 06:55:56,000 - __main__ - DEBUG - Submitting report
2017-04-23 06:55:56,246 - __main__ - DEBUG - Receiving RPM 6000
2017-04-23 06:55:56,246 - __main__ - DEBUG - Submitting report
2017-04-23 06:55:56,583 - __main__ - DEBUG - Receiving Air Flow 8000
2017-04-23 06:55:56,583 - __main__ - DEBUG - Submitting report
2017-04-23 06:55:57,900 - __main__ - DEBUG - Receiving GPS Coordinates -96.7757508998,32.9864881654
2017-04-23 06:55:57,900 - __main__ - DEBUG - Submitting report
2017-04-23 06:55:57,918 - __main__ - DEBUG - Receiving Air Flow 9000
2017-04-23 06:55:57,918 - __main__ - DEBUG - Submitting report
2017-04-23 06:55:58,550 - __main__ - DEBUG - Receiving RPM 1000
2017-04-23 06:55:58,551 - __main__ - DEBUG - Submitting report
2017-04-23 06:55:59,236 - __main__ - DEBUG - Receiving Air Flow 7000
2017-04-23 06:55:59,237 - __main__ - DEBUG - Submitting report
2017-04-23 06:55:59,839 - __main__ - DEBUG - Receiving GPS Coordinates -96.7757638079,32.986481837
2017-04-23 06:55:59,840 - __main__ - DEBUG - Submitting report
2017-04-23 06:56:00,558 - __main__ - DEBUG - Receiving Air Flow 8000
2017-04-23 06:56:00,559 - __main__ - DEBUG - Submitting report
2017-04-23 06:56:00,861 - __main__ - DEBUG - Receiving RPM 1000
2017-04-23 06:56:00,862 - __main__ - DEBUG - Submitting report
2017-04-23 06:56:01,644 - __main__ - DEBUG - Receiving GPS Coordinates -96.7757890374,32.9864802445
2017-04-23 06:56:01,645 - __main__ - DEBUG - Submitting report
2017-04-23 06:56:01,879 - __main__ - DEBUG - Receiving Air Flow 1000
2017-04-23 06:56:01,880 - __main__ - DEBUG - Submitting report
2017-04-23 06:56:03,184 - __main__ - DEBUG - Receiving RPM 9000
2017-04-23 06:56:03,185 - __main__ - DEBUG - Receiving Air Flow 7000
2017-04-23 06:56:03,186 - __main__ - DEBUG - Submitting report
2017-04-23 06:56:03,186 - __main__ - DEBUG - Submitting report
2017-04-23 06:56:03,452 - __main__ - DEBUG - Receiving GPS Coordinates -96.7757942342,32.9864726169
2017-04-23 06:56:03,452 - __main__ - DEBUG - Submitting report
2017-04-23 06:56:04,492 - __main__ - DEBUG - Receiving Air Flow 7000
2017-04-23 06:56:04,493 - __main__ - DEBUG - Submitting report
2017-04-23 06:56:05,265 - __main__ - DEBUG - Receiving GPS Coordinates -96.7757942342,32.9864726169
2017-04-23 06:56:05,265 - __main__ - DEBUG - Submitting report
2017-04-23 06:56:05,506 - __main__ - DEBUG - Receiving RPM 3000
2017-04-23 06:56:05,507 - __main__ - DEBUG - Submitting report
2017-04-23 06:56:05,800 - __main__ - DEBUG - Receiving Air Flow 3000
2017-04-23 06:56:05,800 - __main__ - DEBUG - Submitting report
2017-04-23 06:56:06,905 - __main__ - DEBUG - Receiving GPS Coordinates -96.7757659034,32.9864872014
2017-04-23 06:56:06,906 - __main__ - DEBUG - Submitting report
2017-04-23 06:56:07,124 - __main__ - DEBUG - Receiving Air Flow 9000
2017-04-23 06:56:07,124 - __main__ - DEBUG - Submitting report
2017-04-23 06:56:07,900 - __main__ - DEBUG - Receiving RPM 1000
2017-04-23 06:56:07,901 - __main__ - DEBUG - Submitting report
2017-04-23 06:56:08,441 - __main__ - DEBUG - Receiving Air Flow 7000
2017-04-23 06:56:08,442 - __main__ - DEBUG - Submitting report
2017-04-23 06:56:08,590 - __main__ - DEBUG - Receiving GPS Coordinates -96.7757477147,32.9864976788
2017-04-23 06:56:08,591 - __main__ - DEBUG - Submitting report
2017-04-23 06:56:09,761 - __main__ - DEBUG - Receiving Air Flow 9000
2017-04-23 06:56:09,762 - __main__ - DEBUG - Submitting report
2017-04-23 06:56:10,243 - __main__ - DEBUG - Receiving RPM 2000
2017-04-23 06:56:10,244 - __main__ - DEBUG - Submitting report
2017-04-23 06:56:10,346 - __main__ - DEBUG - Receiving GPS Coordinates -96.77574059,32.9865011573
2017-04-23 06:56:10,346 - __main__ - DEBUG - Submitting report
2017-04-23 06:56:11,110 - __main__ - DEBUG - Receiving Air Flow 8000
2017-04-23 06:56:11,111 - __main__ - DEBUG - Submitting report
2017-04-23 06:56:12,124 - __main__ - DEBUG - Receiving GPS Coordinates -96.7757203058,32.9865047196
2017-04-23 06:56:12,125 - __main__ - DEBUG - Submitting report
2017-04-23 06:56:12,414 - __main__ - DEBUG - Receiving Air Flow 5000
2017-04-23 06:56:12,414 - __main__ - DEBUG - Submitting report
2017-04-23 06:56:12,540 - __main__ - DEBUG - Receiving RPM 7000
2017-04-23 06:56:12,541 - __main__ - DEBUG - Submitting report
2017-04-23 06:56:13,723 - __main__ - DEBUG - Receiving Air Flow 4000
2017-04-23 06:56:13,724 - __main__ - DEBUG - Submitting report
2017-04-23 06:56:13,902 - __main__ - DEBUG - Receiving GPS Coordinates -96.7757102475,32.9864993971
2017-04-23 06:56:13,902 - __main__ - DEBUG - Submitting report
2017-04-23 06:56:14,858 - __main__ - DEBUG - Receiving RPM 7000
2017-04-23 06:56:14,859 - __main__ - DEBUG - Submitting report
2017-04-23 06:56:15,025 - __main__ - DEBUG - Receiving Air Flow 8000
2017-04-23 06:56:15,026 - __main__ - DEBUG - Submitting report
2017-04-23 06:56:15,714 - __main__ - DEBUG - Receiving GPS Coordinates -96.7757062242,32.9864996067
2017-04-23 06:56:15,715 - __main__ - DEBUG - Submitting report
2017-04-23 06:56:16,307 - __main__ - DEBUG - Receiving Air Flow 7000
2017-04-23 06:56:16,308 - __main__ - DEBUG - Submitting report
2017-04-23 06:56:17,234 - __main__ - DEBUG - Receiving RPM 4000
2017-04-23 06:56:17,235 - __main__ - DEBUG - Submitting report
2017-04-23 06:56:17,722 - __main__ - DEBUG - Receiving Air Flow 8000
2017-04-23 06:56:17,728 - __main__ - DEBUG - Receiving GPS Coordinates -96.7757062242,32.9864996067
2017-04-23 06:56:17,734 - __main__ - DEBUG - Submitting report
2017-04-23 06:56:17,734 - __main__ - DEBUG - Submitting report
2017-04-23 06:56:19,167 - __main__ - DEBUG - Receiving Air Flow 7000
2017-04-23 06:56:19,168 - __main__ - DEBUG - Submitting report
2017-04-23 06:56:19,690 - __main__ - DEBUG - Receiving RPM 2000
2017-04-23 06:56:19,691 - __main__ - DEBUG - Submitting report
2017-04-23 06:56:19,849 - __main__ - DEBUG - Receiving GPS Coordinates -96.7757061404,32.9865028756
2017-04-23 06:56:19,851 - __main__ - DEBUG - Submitting report
2017-04-23 06:56:21,132 - __main__ - DEBUG - Receiving Air Flow 1000
2017-04-23 06:56:21,133 - __main__ - DEBUG - Submitting report
2017-04-23 06:56:21,537 - __main__ - DEBUG - Receiving GPS Coordinates -96.7757093255,32.9864998162
2017-04-23 06:56:21,538 - __main__ - DEBUG - Submitting report
2017-04-23 06:56:22,008 - __main__ - DEBUG - Receiving RPM 2000
2017-04-23 06:56:22,009 - __main__ - DEBUG - Submitting report
2017-04-23 06:56:22,532 - __main__ - DEBUG - Receiving Air Flow 5000
2017-04-23 06:56:22,533 - __main__ - DEBUG - Submitting report
2017-04-23 06:56:23,500 - __main__ - DEBUG - Receiving GPS Coordinates -96.7757487205,32.986483681
2017-04-23 06:56:23,500 - __main__ - DEBUG - Submitting report
2017-04-23 06:56:23,835 - __main__ - DEBUG - Receiving Air Flow 9000
2017-04-23 06:56:23,835 - __main__ - DEBUG - Submitting report
2017-04-23 06:56:24,331 - __main__ - DEBUG - Receiving RPM 3000
2017-04-23 06:56:24,331 - __main__ - DEBUG - Submitting report
2017-04-23 06:56:25,177 - __main__ - DEBUG - Receiving GPS Coordinates -96.7757712678,32.9864587868
2017-04-23 06:56:25,182 - __main__ - DEBUG - Submitting report
2017-04-23 06:56:25,183 - __main__ - DEBUG - Receiving Air Flow 1000
2017-04-23 06:56:25,185 - __main__ - DEBUG - Submitting report
2017-04-23 06:56:26,584 - __main__ - DEBUG - Receiving Air Flow 7000
2017-04-23 06:56:26,585 - __main__ - DEBUG - Submitting report
2017-04-23 06:56:26,734 - __main__ - DEBUG - Receiving RPM 2000
2017-04-23 06:56:26,737 - __main__ - DEBUG - Submitting report
2017-04-23 06:56:27,052 - __main__ - DEBUG - Receiving GPS Coordinates -96.7757794821,32.9864508659
2017-04-23 06:56:27,052 - __main__ - DEBUG - Submitting report
2017-04-23 06:56:27,914 - __main__ - DEBUG - Receiving Air Flow 5000
2017-04-23 06:56:27,914 - __main__ - DEBUG - Submitting report
2017-04-23 06:56:28,748 - __main__ - DEBUG - Receiving GPS Coordinates -96.7757830025,32.9864426097
2017-04-23 06:56:28,749 - __main__ - DEBUG - Submitting report
2017-04-23 06:56:29,122 - __main__ - DEBUG - Receiving RPM 4000
2017-04-23 06:56:29,123 - __main__ - DEBUG - Submitting report
2017-04-23 06:56:29,259 - __main__ - DEBUG - Receiving Air Flow 8000
2017-04-23 06:56:29,259 - __main__ - DEBUG - Submitting report
2017-04-23 06:56:30,485 - __main__ - DEBUG - Receiving GPS Coordinates -96.7757942342,32.9864334315
2017-04-23 06:56:30,486 - __main__ - DEBUG - Submitting report
2017-04-23 06:56:30,549 - __main__ - DEBUG - Receiving Air Flow 4000
2017-04-23 06:56:30,550 - __main__ - DEBUG - Submitting report
2017-04-23 06:56:31,476 - __main__ - DEBUG - Receiving RPM 1000
2017-04-23 06:56:31,477 - __main__ - DEBUG - Submitting report
2017-04-23 06:56:31,872 - __main__ - DEBUG - Receiving Air Flow 9000
2017-04-23 06:56:31,873 - __main__ - DEBUG - Submitting report
2017-04-23 06:56:32,343 - __main__ - DEBUG - Receiving GPS Coordinates -96.7758074776,32.9864369519
2017-04-23 06:56:32,344 - __main__ - DEBUG - Submitting report
2017-04-23 06:56:33,212 - __main__ - DEBUG - Receiving Air Flow 7000
2017-04-23 06:56:33,213 - __main__ - DEBUG - Submitting report
2017-04-23 06:56:33,826 - __main__ - DEBUG - Receiving RPM 1000
2017-04-23 06:56:33,827 - __main__ - DEBUG - Submitting report
2017-04-23 06:56:34,057 - __main__ - DEBUG - Receiving GPS Coordinates -96.775826756,32.9864372872
2017-04-23 06:56:34,058 - __main__ - DEBUG - Submitting report
2017-04-23 06:56:34,559 - __main__ - DEBUG - Receiving Air Flow 2000
2017-04-23 06:56:34,559 - __main__ - DEBUG - Submitting report
2017-04-23 06:56:35,814 - __main__ - DEBUG - Receiving GPS Coordinates -96.7758377363,32.9864363233
2017-04-23 06:56:35,815 - __main__ - DEBUG - Submitting report
2017-04-23 06:56:35,936 - __main__ - DEBUG - Receiving Air Flow 6000
2017-04-23 06:56:35,937 - __main__ - DEBUG - Submitting report
2017-04-23 06:56:36,137 - __main__ - DEBUG - Receiving RPM 2000
2017-04-23 06:56:36,137 - __main__ - DEBUG - Submitting report
2017-04-23 06:56:37,263 - __main__ - DEBUG - Receiving Air Flow 3000
2017-04-23 06:56:37,264 - __main__ - DEBUG - Submitting report
2017-04-23 06:56:37,652 - __main__ - DEBUG - Receiving GPS Coordinates -96.7758553383,32.9864344374
2017-04-23 06:56:37,653 - __main__ - DEBUG - Submitting report
2017-04-23 06:56:38,476 - __main__ - DEBUG - Receiving RPM 2000
2017-04-23 06:56:38,477 - __main__ - DEBUG - Submitting report
2017-04-23 06:56:38,586 - __main__ - DEBUG - Receiving Air Flow 2000
2017-04-23 06:56:38,587 - __main__ - DEBUG - Submitting report
2017-04-23 06:56:39,354 - __main__ - DEBUG - Receiving GPS Coordinates -96.7758756225,32.9864403885
2017-04-23 06:56:39,354 - __main__ - DEBUG - Submitting report
2017-04-23 06:56:39,917 - __main__ - DEBUG - Receiving Air Flow 4000
2017-04-23 06:56:39,918 - __main__ - DEBUG - Submitting report
2017-04-23 06:56:40,773 - __main__ - DEBUG - Receiving RPM 6000
2017-04-23 06:56:40,774 - __main__ - DEBUG - Submitting report
2017-04-23 06:56:41,155 - __main__ - DEBUG - Receiving GPS Coordinates -96.7758836691,32.9864222836
2017-04-23 06:56:41,156 - __main__ - DEBUG - Submitting report
2017-04-23 06:56:41,236 - __main__ - DEBUG - Receiving Air Flow 4000
2017-04-23 06:56:41,237 - __main__ - DEBUG - Submitting report
2017-04-23 06:56:42,559 - __main__ - DEBUG - Receiving Air Flow 9000
2017-04-23 06:56:42,560 - __main__ - DEBUG - Submitting report
2017-04-23 06:56:42,843 - __main__ - DEBUG - Receiving GPS Coordinates -96.7758871895,32.9864054779
2017-04-23 06:56:42,844 - __main__ - DEBUG - Submitting report
2017-04-23 06:56:43,104 - __main__ - DEBUG - Receiving RPM 2000
2017-04-23 06:56:43,105 - __main__ - DEBUG - Submitting report
2017-04-23 06:56:43,888 - __main__ - DEBUG - Receiving Air Flow 4000
2017-04-23 06:56:43,888 - __main__ - DEBUG - Submitting report
2017-04-23 06:56:44,598 - __main__ - DEBUG - Receiving GPS Coordinates -96.7758939789,32.9864035081
2017-04-23 06:56:44,598 - __main__ - DEBUG - Submitting report
2017-04-23 06:56:45,200 - __main__ - DEBUG - Receiving Air Flow 3000
2017-04-23 06:56:45,201 - __main__ - DEBUG - Submitting report
2017-04-23 06:56:45,417 - __main__ - DEBUG - Receiving RPM 2000
2017-04-23 06:56:45,418 - __main__ - DEBUG - Submitting report
2017-04-23 06:56:46,288 - __main__ - DEBUG - Receiving GPS Coordinates -96.7759145145,32.9864067352
2017-04-23 06:56:46,289 - __main__ - DEBUG - Submitting report
2017-04-23 06:56:46,578 - __main__ - DEBUG - Receiving Air Flow 9000
2017-04-23 06:56:46,579 - __main__ - DEBUG - Submitting report
2017-04-23 06:56:47,777 - __main__ - DEBUG - Receiving RPM 3000
2017-04-23 06:56:47,778 - __main__ - DEBUG - Submitting report
2017-04-23 06:56:47,943 - __main__ - DEBUG - Receiving Air Flow 5000
2017-04-23 06:56:47,944 - __main__ - DEBUG - Submitting report
2017-04-23 06:56:48,137 - __main__ - DEBUG - Receiving GPS Coordinates -96.7759354693,32.9864110938
2017-04-23 06:56:48,138 - __main__ - DEBUG - Submitting report
2017-04-23 06:56:49,268 - __main__ - DEBUG - Receiving Air Flow 4000
2017-04-23 06:56:49,269 - __main__ - DEBUG - Submitting report
2017-04-23 06:56:49,947 - __main__ - DEBUG - Receiving GPS Coordinates -96.7759313622,32.9863971798
2017-04-23 06:56:49,948 - __main__ - DEBUG - Submitting report
2017-04-23 06:56:50,103 - __main__ - DEBUG - Receiving RPM 3000
2017-04-23 06:56:50,104 - __main__ - DEBUG - Submitting report
2017-04-23 06:56:50,575 - __main__ - DEBUG - Receiving Air Flow 2000
2017-04-23 06:56:50,576 - __main__ - DEBUG - Submitting report
2017-04-23 06:56:51,607 - __main__ - DEBUG - Receiving GPS Coordinates -96.7759194599,32.98637392
2017-04-23 06:56:51,608 - __main__ - DEBUG - Submitting report
2017-04-23 06:56:51,894 - __main__ - DEBUG - Receiving Air Flow 7000
2017-04-23 06:56:51,895 - __main__ - DEBUG - Submitting report
2017-04-23 06:56:52,435 - __main__ - DEBUG - Receiving RPM 7000
2017-04-23 06:56:52,436 - __main__ - DEBUG - Submitting report
2017-04-23 06:56:53,189 - __main__ - DEBUG - Receiving Air Flow 9000
2017-04-23 06:56:53,189 - __main__ - DEBUG - Submitting report
2017-04-23 06:56:53,291 - __main__ - DEBUG - Receiving GPS Coordinates -96.7759053783,32.9863502411
2017-04-23 06:56:53,291 - __main__ - DEBUG - Submitting report
2017-04-23 06:56:54,493 - __main__ - DEBUG - Receiving Air Flow 5000
2017-04-23 06:56:54,494 - __main__ - DEBUG - Submitting report
2017-04-23 06:56:54,767 - __main__ - DEBUG - Receiving RPM 3000
2017-04-23 06:56:54,768 - __main__ - DEBUG - Submitting report
2017-04-23 06:56:54,992 - __main__ - DEBUG - Receiving GPS Coordinates -96.7758734432,32.9863250116
2017-04-23 06:56:54,992 - __main__ - DEBUG - Submitting report
2017-04-23 06:56:55,834 - __main__ - DEBUG - Receiving Air Flow 1000
2017-04-23 06:56:55,835 - __main__ - DEBUG - Submitting report
2017-04-23 06:56:56,686 - __main__ - DEBUG - Receiving GPS Coordinates -96.7758664024,32.9863241315
2017-04-23 06:56:56,687 - __main__ - DEBUG - Submitting report
2017-04-23 06:56:57,106 - __main__ - DEBUG - Receiving RPM 1000
2017-04-23 06:56:57,107 - __main__ - DEBUG - Submitting report
2017-04-23 06:56:57,189 - __main__ - DEBUG - Receiving Air Flow 9000
2017-04-23 06:56:57,189 - __main__ - DEBUG - Submitting report
2017-04-23 06:56:58,533 - __main__ - DEBUG - Receiving Air Flow 5000
2017-04-23 06:56:58,534 - __main__ - DEBUG - Submitting report
2017-04-23 06:56:58,540 - __main__ - DEBUG - Receiving GPS Coordinates -96.7758488842,32.9863378778
2017-04-23 06:56:58,541 - __main__ - DEBUG - Submitting report
2017-04-23 06:56:59,480 - __main__ - DEBUG - Receiving RPM 9000
2017-04-23 06:56:59,481 - __main__ - DEBUG - Submitting report
2017-04-23 06:56:59,864 - __main__ - DEBUG - Receiving Air Flow 3000
2017-04-23 06:56:59,865 - __main__ - DEBUG - Submitting report
2017-04-23 06:57:00,357 - __main__ - DEBUG - Receiving GPS Coordinates -96.7758395803,32.986349361
2017-04-23 06:57:00,357 - __main__ - DEBUG - Submitting report
2017-04-23 06:57:01,181 - __main__ - DEBUG - Receiving Air Flow 9000
2017-04-23 06:57:01,181 - __main__ - DEBUG - Submitting report
2017-04-23 06:57:01,810 - __main__ - DEBUG - Receiving RPM 7000
2017-04-23 06:57:01,811 - __main__ - DEBUG - Submitting report
2017-04-23 06:57:02,006 - __main__ - DEBUG - Receiving GPS Coordinates -96.7758622953,32.9863657896
2017-04-23 06:57:02,007 - __main__ - DEBUG - Submitting report
2017-04-23 06:57:02,489 - __main__ - DEBUG - Receiving Air Flow 5000
2017-04-23 06:57:02,490 - __main__ - DEBUG - Submitting report
2017-04-23 06:57:03,706 - __main__ - DEBUG - Receiving GPS Coordinates -96.7758714315,32.9863708606
2017-04-23 06:57:03,707 - __main__ - DEBUG - Submitting report
2017-04-23 06:57:03,809 - __main__ - DEBUG - Receiving Air Flow 6000
2017-04-23 06:57:03,810 - __main__ - DEBUG - Submitting report
2017-04-23 06:57:04,149 - __main__ - DEBUG - Receiving RPM 9000
2017-04-23 06:57:04,150 - __main__ - DEBUG - Submitting report
2017-04-23 06:57:05,137 - __main__ - DEBUG - Receiving Air Flow 3000
2017-04-23 06:57:05,137 - __main__ - DEBUG - Submitting report
2017-04-23 06:57:05,541 - __main__ - DEBUG - Receiving GPS Coordinates -96.7758752872,32.9863750516
2017-04-23 06:57:05,542 - __main__ - DEBUG - Submitting report
2017-04-23 06:57:06,454 - __main__ - DEBUG - Receiving Air Flow 6000
2017-04-23 06:57:06,455 - __main__ - DEBUG - Submitting report
2017-04-23 06:57:06,456 - __main__ - DEBUG - Receiving RPM 7000
2017-04-23 06:57:06,458 - __main__ - DEBUG - Submitting report
2017-04-23 06:57:07,213 - __main__ - DEBUG - Receiving GPS Coordinates -96.7758820766,32.9863684299
2017-04-23 06:57:07,214 - __main__ - DEBUG - Submitting report
2017-04-23 06:57:07,781 - __main__ - DEBUG - Receiving Air Flow 3000
2017-04-23 06:57:07,781 - __main__ - DEBUG - Submitting report
2017-04-23 06:57:08,775 - __main__ - DEBUG - Receiving RPM 3000
2017-04-23 06:57:08,776 - __main__ - DEBUG - Submitting report
2017-04-23 06:57:08,882 - __main__ - DEBUG - Receiving GPS Coordinates -96.7759027799,32.986366502
2017-04-23 06:57:08,883 - __main__ - DEBUG - Submitting report
2017-04-23 06:57:09,105 - __main__ - DEBUG - Receiving Air Flow 8000
2017-04-23 06:57:09,106 - __main__ - DEBUG - Submitting report
2017-04-23 06:57:10,419 - __main__ - DEBUG - Receiving Air Flow 4000
2017-04-23 06:57:10,420 - __main__ - DEBUG - Submitting report
2017-04-23 06:57:10,807 - __main__ - DEBUG - Receiving GPS Coordinates -96.7759113294,32.9863637779
2017-04-23 06:57:10,814 - __main__ - DEBUG - Submitting report
2017-04-23 06:57:11,111 - __main__ - DEBUG - Receiving RPM 4000
2017-04-23 06:57:11,111 - __main__ - DEBUG - Submitting report
2017-04-23 06:57:11,757 - __main__ - DEBUG - Receiving Air Flow 5000
2017-04-23 06:57:11,758 - __main__ - DEBUG - Submitting report
2017-04-23 06:57:12,609 - __main__ - DEBUG - Receiving GPS Coordinates -96.7759187893,32.9863531748
2017-04-23 06:57:12,610 - __main__ - DEBUG - Submitting report
2017-04-23 06:57:13,086 - __main__ - DEBUG - Receiving Air Flow 1000
2017-04-23 06:57:13,087 - __main__ - DEBUG - Submitting report
2017-04-23 06:57:13,436 - __main__ - DEBUG - Receiving RPM 9000
2017-04-23 06:57:13,437 - __main__ - DEBUG - Submitting report
2017-04-23 06:57:14,322 - __main__ - DEBUG - Receiving GPS Coordinates -96.7759265845,32.9863475589
2017-04-23 06:57:14,323 - __main__ - DEBUG - Submitting report
2017-04-23 06:57:14,415 - __main__ - DEBUG - Receiving Air Flow 1000
2017-04-23 06:57:14,416 - __main__ - DEBUG - Submitting report
2017-04-23 06:57:15,712 - __main__ - DEBUG - Receiving Air Flow 9000
2017-04-23 06:57:15,713 - __main__ - DEBUG - Submitting report
2017-04-23 06:57:15,736 - __main__ - DEBUG - Receiving RPM 7000
2017-04-23 06:57:15,737 - __main__ - DEBUG - Submitting report
2017-04-23 06:57:16,032 - __main__ - DEBUG - Receiving GPS Coordinates -96.7759301887,32.9863413144
2017-04-23 06:57:16,033 - __main__ - DEBUG - Submitting report
2017-04-23 06:57:17,043 - __main__ - DEBUG - Receiving Air Flow 4000
2017-04-23 06:57:17,043 - __main__ - DEBUG - Submitting report
2017-04-23 06:57:17,734 - __main__ - DEBUG - Receiving GPS Coordinates -96.7759331224,32.9863403086
2017-04-23 06:57:17,735 - __main__ - DEBUG - Submitting report
2017-04-23 06:57:18,089 - __main__ - DEBUG - Receiving RPM 7000
2017-04-23 06:57:18,090 - __main__ - DEBUG - Submitting report
2017-04-23 06:57:18,370 - __main__ - DEBUG - Receiving Air Flow 9000
2017-04-23 06:57:18,371 - __main__ - DEBUG - Submitting report
2017-04-23 06:57:19,601 - __main__ - DEBUG - Receiving GPS Coordinates -96.7759331224,32.9863403086
2017-04-23 06:57:19,601 - __main__ - DEBUG - Submitting report
2017-04-23 06:57:19,681 - __main__ - DEBUG - Receiving Air Flow 3000
2017-04-23 06:57:19,682 - __main__ - DEBUG - Submitting report
2017-04-23 06:57:20,445 - __main__ - DEBUG - Receiving RPM 1000
2017-04-23 06:57:20,446 - __main__ - DEBUG - Submitting report
2017-04-23 06:57:20,974 - __main__ - DEBUG - Receiving Air Flow 9000
2017-04-23 06:57:20,975 - __main__ - DEBUG - Submitting report
2017-04-23 06:57:21,281 - __main__ - DEBUG - Receiving GPS Coordinates -96.7759331224,32.9863403086
2017-04-23 06:57:21,282 - __main__ - DEBUG - Submitting report
2017-04-23 06:57:22,272 - __main__ - DEBUG - Receiving Air Flow 4000
2017-04-23 06:57:22,273 - __main__ - DEBUG - Submitting report
2017-04-23 06:57:22,761 - __main__ - DEBUG - Receiving RPM 2000
2017-04-23 06:57:22,762 - __main__ - DEBUG - Submitting report
2017-04-23 06:57:22,961 - __main__ - DEBUG - Receiving GPS Coordinates -96.7759534904,32.9863553541
2017-04-23 06:57:22,962 - __main__ - DEBUG - Submitting report
2017-04-23 06:57:23,581 - __main__ - DEBUG - Receiving Air Flow 2000
2017-04-23 06:57:23,582 - __main__ - DEBUG - Submitting report
2017-04-23 06:57:24,876 - __main__ - DEBUG - Receiving Air Flow 8000
2017-04-23 06:57:24,877 - __main__ - DEBUG - Submitting report
2017-04-23 06:57:25,080 - __main__ - DEBUG - Receiving RPM 9000
2017-04-23 06:57:25,080 - __main__ - DEBUG - Submitting report
2017-04-23 06:57:25,193 - __main__ - DEBUG - Receiving GPS Coordinates -96.7759575137,32.9863536358
2017-04-23 06:57:25,194 - __main__ - DEBUG - Submitting report
2017-04-23 06:57:26,206 - __main__ - DEBUG - Receiving Air Flow 2000
2017-04-23 06:57:26,207 - __main__ - DEBUG - Submitting report
2017-04-23 06:57:27,127 - __main__ - DEBUG - Receiving GPS Coordinates -96.7759560049,32.9863539711
2017-04-23 06:57:27,128 - __main__ - DEBUG - Submitting report
2017-04-23 06:57:27,396 - __main__ - DEBUG - Receiving RPM 2000
2017-04-23 06:57:27,397 - __main__ - DEBUG - Submitting report
2017-04-23 06:57:27,521 - __main__ - DEBUG - Receiving Air Flow 4000
2017-04-23 06:57:27,522 - __main__ - DEBUG - Submitting report
2017-04-23 06:57:28,843 - __main__ - DEBUG - Receiving Air Flow 7000
2017-04-23 06:57:28,844 - __main__ - DEBUG - Submitting report
2017-04-23 06:57:29,124 - __main__ - DEBUG - Receiving GPS Coordinates -96.7759549991,32.9863550188
2017-04-23 06:57:29,125 - __main__ - DEBUG - Submitting report
2017-04-23 06:57:29,700 - __main__ - DEBUG - Receiving RPM 8000
2017-04-23 06:57:29,701 - __main__ - DEBUG - Submitting report
2017-04-23 06:57:30,182 - __main__ - DEBUG - Receiving Air Flow 4000
2017-04-23 06:57:30,183 - __main__ - DEBUG - Submitting report
2017-04-23 06:57:31,422 - __main__ - DEBUG - Receiving GPS Coordinates -96.7759549991,32.9863550188
2017-04-23 06:57:31,423 - __main__ - DEBUG - Submitting report
2017-04-23 06:57:31,490 - __main__ - DEBUG - Receiving Air Flow 3000
2017-04-23 06:57:31,491 - __main__ - DEBUG - Submitting report
2017-04-23 06:57:31,998 - __main__ - DEBUG - Receiving RPM 3000
2017-04-23 06:57:31,999 - __main__ - DEBUG - Submitting report
2017-04-23 06:57:32,840 - __main__ - DEBUG - Receiving Air Flow 1000
2017-04-23 06:57:32,841 - __main__ - DEBUG - Submitting report
2017-04-23 06:57:33,320 - __main__ - DEBUG - Receiving GPS Coordinates -96.7759549991,32.9863550188
2017-04-23 06:57:33,321 - __main__ - DEBUG - Submitting report
2017-04-23 06:57:34,203 - __main__ - DEBUG - Receiving Air Flow 3000
2017-04-23 06:57:34,204 - __main__ - DEBUG - Submitting report
2017-04-23 06:57:34,323 - __main__ - DEBUG - Receiving RPM 6000
2017-04-23 06:57:34,324 - __main__ - DEBUG - Submitting report
2017-04-23 06:57:35,109 - __main__ - DEBUG - Receiving GPS Coordinates -96.7759549991,32.9863550188
2017-04-23 06:57:35,110 - __main__ - DEBUG - Submitting report
2017-04-23 06:57:35,504 - __main__ - DEBUG - Receiving Air Flow 6000
2017-04-23 06:57:35,505 - __main__ - DEBUG - Submitting report
2017-04-23 06:57:36,673 - __main__ - DEBUG - Receiving RPM 1000
2017-04-23 06:57:36,674 - __main__ - DEBUG - Submitting report
2017-04-23 06:57:36,833 - __main__ - DEBUG - Receiving Air Flow 9000
2017-04-23 06:57:36,834 - __main__ - DEBUG - Submitting report
2017-04-23 06:57:37,081 - __main__ - DEBUG - Receiving GPS Coordinates -96.7759549991,32.9863550188
2017-04-23 06:57:37,082 - __main__ - DEBUG - Submitting report
2017-04-23 06:57:38,208 - __main__ - DEBUG - Receiving Air Flow 3000
2017-04-23 06:57:38,209 - __main__ - DEBUG - Submitting report
2017-04-23 06:57:38,844 - __main__ - DEBUG - Receiving GPS Coordinates -96.7759549991,32.9863550188
2017-04-23 06:57:38,845 - __main__ - DEBUG - Submitting report
2017-04-23 06:57:38,982 - __main__ - DEBUG - Receiving RPM 4000
2017-04-23 06:57:38,983 - __main__ - DEBUG - Submitting report
2017-04-23 06:57:39,561 - __main__ - DEBUG - Receiving Air Flow 6000
2017-04-23 06:57:39,562 - __main__ - DEBUG - Submitting report
2017-04-23 06:57:40,697 - __main__ - DEBUG - Receiving GPS Coordinates -96.7759549991,32.9863550188
2017-04-23 06:57:40,698 - __main__ - DEBUG - Submitting report
2017-04-23 06:57:40,881 - __main__ - DEBUG - Receiving Air Flow 8000
2017-04-23 06:57:40,881 - __main__ - DEBUG - Submitting report
2017-04-23 06:57:41,278 - __main__ - DEBUG - Receiving RPM 4000
2017-04-23 06:57:41,279 - __main__ - DEBUG - Submitting report
2017-04-23 06:57:42,199 - __main__ - DEBUG - Receiving Air Flow 6000
2017-04-23 06:57:42,200 - __main__ - DEBUG - Submitting report
2017-04-23 06:57:42,593 - __main__ - DEBUG - Receiving GPS Coordinates -96.7759549991,32.9863550188
2017-04-23 06:57:42,594 - __main__ - DEBUG - Submitting report
2017-04-23 06:57:43,515 - __main__ - DEBUG - Receiving Air Flow 3000
2017-04-23 06:57:43,516 - __main__ - DEBUG - Submitting report
2017-04-23 06:57:43,605 - __main__ - DEBUG - Receiving RPM 3000
2017-04-23 06:57:43,606 - __main__ - DEBUG - Submitting report
2017-04-23 06:57:44,551 - __main__ - DEBUG - Receiving GPS Coordinates -96.7759549991,32.9863550188
2017-04-23 06:57:44,553 - __main__ - DEBUG - Submitting report
2017-04-23 06:57:44,823 - __main__ - DEBUG - Receiving Air Flow 2000
2017-04-23 06:57:44,824 - __main__ - DEBUG - Submitting report
2017-04-23 06:57:45,914 - __main__ - DEBUG - Receiving RPM 9000
2017-04-23 06:57:45,915 - __main__ - DEBUG - Submitting report
2017-04-23 06:57:46,123 - __main__ - DEBUG - Receiving Air Flow 5000
2017-04-23 06:57:46,124 - __main__ - DEBUG - Submitting report
2017-04-23 06:57:46,449 - __main__ - DEBUG - Receiving GPS Coordinates -96.7759549991,32.9863550188
2017-04-23 06:57:46,450 - __main__ - DEBUG - Submitting report
2017-04-23 06:57:47,482 - __main__ - DEBUG - Receiving Air Flow 4000
2017-04-23 06:57:47,482 - __main__ - DEBUG - Submitting report
2017-04-23 06:57:48,147 - __main__ - DEBUG - Receiving GPS Coordinates -96.7759549991,32.9863550188
2017-04-23 06:57:48,147 - __main__ - DEBUG - Submitting report
2017-04-23 06:57:48,234 - __main__ - DEBUG - Receiving RPM 9000
2017-04-23 06:57:48,234 - __main__ - DEBUG - Submitting report
2017-04-23 06:57:48,842 - __main__ - DEBUG - Receiving Air Flow 5000
2017-04-23 06:57:48,843 - __main__ - DEBUG - Submitting report
2017-04-23 06:57:49,984 - __main__ - DEBUG - Receiving GPS Coordinates -96.7759549991,32.9863550188
2017-04-23 06:57:49,985 - __main__ - DEBUG - Submitting report
2017-04-23 06:57:50,164 - __main__ - DEBUG - Receiving Air Flow 8000
2017-04-23 06:57:50,165 - __main__ - DEBUG - Submitting report
2017-04-23 06:57:50,601 - __main__ - DEBUG - Receiving RPM 9000
2017-04-23 06:57:50,602 - __main__ - DEBUG - Submitting report
2017-04-23 06:57:51,527 - __main__ - DEBUG - Receiving Air Flow 8000
2017-04-23 06:57:51,535 - __main__ - DEBUG - Submitting report
2017-04-23 06:57:51,665 - __main__ - DEBUG - Receiving GPS Coordinates -96.7759528198,32.9863589164
2017-04-23 06:57:51,666 - __main__ - DEBUG - Submitting report
2017-04-23 06:57:52,849 - __main__ - DEBUG - Receiving Air Flow 9000
2017-04-23 06:57:52,850 - __main__ - DEBUG - Submitting report
2017-04-23 06:57:52,933 - __main__ - DEBUG - Receiving RPM 7000
2017-04-23 06:57:52,935 - __main__ - DEBUG - Submitting report
2017-04-23 06:57:53,465 - __main__ - DEBUG - Receiving GPS Coordinates -96.7759519816,32.9863643647
2017-04-23 06:57:53,466 - __main__ - DEBUG - Submitting report
2017-04-23 06:57:54,205 - __main__ - DEBUG - Receiving Air Flow 3000
2017-04-23 06:57:54,206 - __main__ - DEBUG - Submitting report
2017-04-23 06:57:55,245 - __main__ - DEBUG - Receiving RPM 6000
2017-04-23 06:57:55,246 - __main__ - DEBUG - Submitting report
2017-04-23 06:57:55,381 - __main__ - DEBUG - Receiving GPS Coordinates -96.7759519816,32.9863643647
2017-04-23 06:57:55,381 - __main__ - DEBUG - Submitting report
2017-04-23 06:57:55,496 - __main__ - DEBUG - Receiving Air Flow 1000
2017-04-23 06:57:55,497 - __main__ - DEBUG - Submitting report
2017-04-23 06:57:56,833 - __main__ - DEBUG - Receiving Air Flow 8000
2017-04-23 06:57:56,834 - __main__ - DEBUG - Submitting report
2017-04-23 06:57:57,128 - __main__ - DEBUG - Receiving GPS Coordinates -96.7759519816,32.9863643647
2017-04-23 06:57:57,129 - __main__ - DEBUG - Submitting report
2017-04-23 06:57:57,603 - __main__ - DEBUG - Receiving RPM 1000
2017-04-23 06:57:57,604 - __main__ - DEBUG - Submitting report
2017-04-23 06:57:58,155 - __main__ - DEBUG - Receiving Air Flow 4000
2017-04-23 06:57:58,156 - __main__ - DEBUG - Submitting report
2017-04-23 06:57:58,798 - __main__ - DEBUG - Receiving GPS Coordinates -96.7759519816,32.9863643647
2017-04-23 06:57:58,799 - __main__ - DEBUG - Submitting report
2017-04-23 06:57:59,458 - __main__ - DEBUG - Receiving Air Flow 1000
2017-04-23 06:57:59,459 - __main__ - DEBUG - Submitting report
2017-04-23 06:57:59,997 - __main__ - DEBUG - Receiving RPM 3000
2017-04-23 06:57:59,998 - __main__ - DEBUG - Submitting report
2017-04-23 06:58:00,501 - __main__ - DEBUG - Receiving GPS Coordinates -96.7759519816,32.9863643647
2017-04-23 06:58:00,501 - __main__ - DEBUG - Submitting report
2017-04-23 06:58:00,775 - __main__ - DEBUG - Receiving Air Flow 2000
2017-04-23 06:58:00,776 - __main__ - DEBUG - Submitting report
2017-04-23 06:58:02,103 - __main__ - DEBUG - Receiving Air Flow 2000
2017-04-23 06:58:02,104 - __main__ - DEBUG - Submitting report
2017-04-23 06:58:02,167 - __main__ - DEBUG - Receiving GPS Coordinates -96.7759519816,32.9863643647
2017-04-23 06:58:02,168 - __main__ - DEBUG - Submitting report
2017-04-23 06:58:02,312 - __main__ - DEBUG - Receiving RPM 9000
2017-04-23 06:58:02,312 - __main__ - DEBUG - Submitting report
2017-04-23 06:58:03,425 - __main__ - DEBUG - Receiving Air Flow 1000
2017-04-23 06:58:03,425 - __main__ - DEBUG - Submitting report
2017-04-23 06:58:04,218 - __main__ - DEBUG - Receiving GPS Coordinates -96.7759519816,32.9863643647
2017-04-23 06:58:04,219 - __main__ - DEBUG - Submitting report
2017-04-23 06:58:04,676 - __main__ - DEBUG - Receiving RPM 8000
2017-04-23 06:58:04,677 - __main__ - DEBUG - Submitting report
2017-04-23 06:58:04,803 - __main__ - DEBUG - Receiving Air Flow 2000
2017-04-23 06:58:04,804 - __main__ - DEBUG - Submitting report
2017-04-23 06:58:05,889 - __main__ - DEBUG - Receiving GPS Coordinates -96.7759519816,32.9863643647
2017-04-23 06:58:05,890 - __main__ - DEBUG - Submitting report
2017-04-23 06:58:06,116 - __main__ - DEBUG - Receiving Air Flow 1000
2017-04-23 06:58:06,117 - __main__ - DEBUG - Submitting report
