2017-04-10 03:26:44,503 - 88521B7AD79BE277 - INFO - PI successfully registered.
2017-04-10 03:46:21,722 - 88521B7AD79BE277 - INFO - Sending Light Status off to device
2017-04-10 03:46:23,206 - 88521B7AD79BE277 - INFO - Sending Light Status off to device
2017-04-10 03:46:24,623 - 88521B7AD79BE277 - INFO - Sending Light Status off to device
2017-04-10 03:46:26,127 - 88521B7AD79BE277 - INFO - Sending Light Status off to device
2017-04-10 03:46:27,629 - 88521B7AD79BE277 - INFO - Sending Light Status off to device
2017-04-10 03:46:29,129 - 88521B7AD79BE277 - INFO - Sending Light Status off to device
2017-04-10 03:46:30,553 - 88521B7AD79BE277 - INFO - Sending Light Status off to device
2017-04-10 03:46:32,006 - 88521B7AD79BE277 - INFO - Sending Light Status off to device
2017-04-10 03:46:33,466 - 88521B7AD79BE277 - INFO - Sending Light Status off to device
2017-04-10 03:46:34,870 - 88521B7AD79BE277 - INFO - Sending Light Status off to device
2017-04-10 03:46:35,616 - 88521B7AD79BE277 - INFO - Received Light State on from front end
2017-04-10 03:46:36,274 - 88521B7AD79BE277 - INFO - Sending Light Status on to device
2017-04-10 03:46:37,831 - 88521B7AD79BE277 - INFO - Sending Light Status on to device
2017-04-10 03:46:39,234 - 88521B7AD79BE277 - INFO - Sending Light Status on to device
2017-04-10 03:46:40,719 - 88521B7AD79BE277 - INFO - Sending Light Status on to device
2017-04-10 03:46:42,124 - 88521B7AD79BE277 - INFO - Sending Light Status on to device
2017-04-10 03:46:43,570 - 88521B7AD79BE277 - INFO - Sending Light Status on to device
2017-04-10 03:46:44,991 - 88521B7AD79BE277 - INFO - Sending Light Status on to device
2017-04-10 03:46:46,421 - 88521B7AD79BE277 - INFO - Sending Light Status on to device
2017-04-10 03:46:47,962 - 88521B7AD79BE277 - INFO - Sending Light Status on to device
2017-04-10 03:46:49,414 - 88521B7AD79BE277 - INFO - Sending Light Status on to device
2017-04-10 03:46:50,880 - 88521B7AD79BE277 - INFO - Sending Light Status on to device
2017-04-10 03:46:52,349 - 88521B7AD79BE277 - INFO - Sending Light Status on to device
2017-04-10 03:46:53,737 - 88521B7AD79BE277 - INFO - Sending Light Status on to device
2017-04-10 03:46:55,133 - 88521B7AD79BE277 - INFO - Sending Light Status on to device
2017-04-10 03:46:56,609 - 88521B7AD79BE277 - INFO - Sending Light Status on to device
2017-04-10 03:46:58,102 - 88521B7AD79BE277 - INFO - Sending Light Status on to device
2017-04-10 03:46:59,562 - 88521B7AD79BE277 - INFO - Sending Light Status on to device
2017-04-10 03:47:00,973 - 88521B7AD79BE277 - INFO - Sending Light Status on to device
2017-04-10 03:47:02,483 - 88521B7AD79BE277 - INFO - Sending Light Status on to device
2017-04-10 03:47:03,964 - 88521B7AD79BE277 - INFO - Sending Light Status on to device
2017-04-10 03:47:05,364 - 88521B7AD79BE277 - INFO - Sending Light Status on to device
2017-04-10 03:47:06,817 - 88521B7AD79BE277 - INFO - Sending Light Status on to device
2017-04-10 03:47:08,345 - 88521B7AD79BE277 - INFO - Sending Light Status on to device
2017-04-10 03:47:10,395 - 88521B7AD79BE277 - INFO - Sending Light Status on to device
2017-04-10 03:47:11,840 - 88521B7AD79BE277 - INFO - Sending Light Status on to device
2017-04-10 03:47:13,248 - 88521B7AD79BE277 - INFO - Sending Light Status on to device
2017-04-10 03:47:14,679 - 88521B7AD79BE277 - INFO - Sending Light Status on to device
2017-04-10 03:47:16,121 - 88521B7AD79BE277 - INFO - Sending Light Status on to device
2017-04-10 03:47:17,570 - 88521B7AD79BE277 - INFO - Sending Light Status on to device
2017-04-10 03:47:18,972 - 88521B7AD79BE277 - INFO - Sending Light Status on to device
2017-04-10 03:47:20,442 - 88521B7AD79BE277 - INFO - Sending Light Status on to device
2017-04-10 03:47:21,843 - 88521B7AD79BE277 - INFO - Sending Light Status on to device
2017-04-10 03:47:23,356 - 88521B7AD79BE277 - INFO - Sending Light Status on to device
2017-04-10 03:47:24,850 - 88521B7AD79BE277 - INFO - Sending Light Status on to device
2017-04-10 03:47:26,278 - 88521B7AD79BE277 - INFO - Sending Light Status on to device
2017-04-10 03:47:27,709 - 88521B7AD79BE277 - INFO - Sending Light Status on to device
2017-04-10 03:47:29,185 - 88521B7AD79BE277 - INFO - Sending Light Status on to device
2017-04-10 03:47:30,594 - 88521B7AD79BE277 - INFO - Sending Light Status on to device
2017-04-10 03:47:32,112 - 88521B7AD79BE277 - INFO - Sending Light Status on to device
2017-04-10 03:47:33,554 - 88521B7AD79BE277 - INFO - Sending Light Status on to device
2017-04-10 03:47:34,963 - 88521B7AD79BE277 - INFO - Sending Light Status on to device
2017-04-10 03:47:36,411 - 88521B7AD79BE277 - INFO - Sending Light Status on to device
2017-04-10 03:47:37,854 - 88521B7AD79BE277 - INFO - Sending Light Status on to device
2017-04-10 03:47:39,304 - 88521B7AD79BE277 - INFO - Sending Light Status on to device
2017-04-10 03:47:40,710 - 88521B7AD79BE277 - INFO - Sending Light Status on to device
2017-04-10 03:47:42,201 - 88521B7AD79BE277 - INFO - Sending Light Status on to device
2017-04-10 03:47:43,702 - 88521B7AD79BE277 - INFO - Sending Light Status on to device
2017-04-10 03:47:45,349 - 88521B7AD79BE277 - INFO - Sending Light Status on to device
2017-04-10 03:47:46,808 - 88521B7AD79BE277 - INFO - Sending Light Status on to device
2017-04-10 03:47:48,250 - 88521B7AD79BE277 - INFO - Sending Light Status on to device
2017-04-10 03:47:49,735 - 88521B7AD79BE277 - INFO - Sending Light Status on to device
2017-04-10 03:47:51,165 - 88521B7AD79BE277 - INFO - Sending Light Status on to device
2017-04-10 03:47:52,621 - 88521B7AD79BE277 - INFO - Sending Light Status on to device
2017-04-10 03:47:54,222 - 88521B7AD79BE277 - INFO - Sending Light Status on to device
2017-04-10 03:47:55,673 - 88521B7AD79BE277 - INFO - Sending Light Status on to device
2017-04-10 03:47:57,091 - 88521B7AD79BE277 - INFO - Sending Light Status on to device
2017-04-10 03:47:58,514 - 88521B7AD79BE277 - INFO - Sending Light Status on to device
2017-04-10 03:47:59,960 - 88521B7AD79BE277 - INFO - Sending Light Status on to device
2017-04-10 03:48:02,378 - 88521B7AD79BE277 - INFO - Sending Light Status on to device
2017-04-10 03:48:03,904 - 88521B7AD79BE277 - INFO - Sending Light Status on to device
2017-04-10 03:48:05,299 - 88521B7AD79BE277 - INFO - Sending Light Status on to device
2017-04-10 03:48:06,701 - 88521B7AD79BE277 - INFO - Sending Light Status on to device
2017-04-10 03:48:08,359 - 88521B7AD79BE277 - INFO - Sending Light Status on to device
2017-04-10 03:48:09,882 - 88521B7AD79BE277 - INFO - Sending Light Status on to device
2017-04-10 03:48:11,376 - 88521B7AD79BE277 - INFO - Sending Light Status on to device
2017-04-10 03:48:12,779 - 88521B7AD79BE277 - INFO - Sending Light Status on to device
2017-04-10 03:48:14,209 - 88521B7AD79BE277 - INFO - Sending Light Status on to device
2017-04-10 03:48:15,724 - 88521B7AD79BE277 - INFO - Sending Light Status on to device
2017-04-10 03:48:17,191 - 88521B7AD79BE277 - INFO - Sending Light Status on to device
2017-04-10 03:48:18,628 - 88521B7AD79BE277 - INFO - Sending Light Status on to device
2017-04-10 03:48:20,064 - 88521B7AD79BE277 - INFO - Sending Light Status on to device
2017-04-10 03:48:21,472 - 88521B7AD79BE277 - INFO - Sending Light Status on to device
2017-04-10 03:48:22,882 - 88521B7AD79BE277 - INFO - Sending Light Status on to device
2017-04-10 03:48:24,362 - 88521B7AD79BE277 - INFO - Sending Light Status on to device
2017-04-10 03:48:25,768 - 88521B7AD79BE277 - INFO - Sending Light Status on to device
2017-04-10 03:48:27,221 - 88521B7AD79BE277 - INFO - Sending Light Status on to device
2017-04-10 03:48:28,646 - 88521B7AD79BE277 - INFO - Sending Light Status on to device
2017-04-10 03:48:30,078 - 88521B7AD79BE277 - INFO - Sending Light Status on to device
2017-04-10 03:48:31,530 - 88521B7AD79BE277 - INFO - Sending Light Status on to device
2017-04-10 03:48:32,905 - 88521B7AD79BE277 - INFO - Sending Light Status on to device
2017-04-10 03:48:34,367 - 88521B7AD79BE277 - INFO - Sending Light Status on to device
2017-04-10 03:48:35,807 - 88521B7AD79BE277 - INFO - Sending Light Status on to device
2017-04-10 03:48:37,311 - 88521B7AD79BE277 - INFO - Sending Light Status on to device
2017-04-10 03:48:38,748 - 88521B7AD79BE277 - INFO - Sending Light Status on to device
2017-04-10 03:48:40,207 - 88521B7AD79BE277 - INFO - Sending Light Status on to device
2017-04-10 03:48:41,684 - 88521B7AD79BE277 - INFO - Sending Light Status on to device
2017-04-10 03:48:43,083 - 88521B7AD79BE277 - INFO - Sending Light Status on to device
2017-04-10 03:48:44,521 - 88521B7AD79BE277 - INFO - Sending Light Status on to device
2017-04-10 03:48:45,939 - 88521B7AD79BE277 - INFO - Sending Light Status on to device
2017-04-10 03:48:47,347 - 88521B7AD79BE277 - INFO - Sending Light Status on to device
2017-04-10 03:48:48,766 - 88521B7AD79BE277 - INFO - Sending Light Status on to device
2017-04-10 03:48:50,144 - 88521B7AD79BE277 - INFO - Sending Light Status on to device
2017-04-10 03:48:51,552 - 88521B7AD79BE277 - INFO - Sending Light Status on to device
2017-04-10 03:48:52,972 - 88521B7AD79BE277 - INFO - Sending Light Status on to device
2017-04-10 03:48:54,391 - 88521B7AD79BE277 - INFO - Sending Light Status on to device
2017-04-10 03:48:55,198 - 88521B7AD79BE277 - INFO - Received Light State off from front end
2017-04-10 03:48:55,785 - 88521B7AD79BE277 - INFO - Sending Light Status off to device
2017-04-10 03:48:57,202 - 88521B7AD79BE277 - INFO - Sending Light Status off to device
2017-04-10 03:48:58,645 - 88521B7AD79BE277 - INFO - Sending Light Status off to device
2017-04-10 03:49:00,394 - 88521B7AD79BE277 - INFO - Sending Light Status off to device
2017-04-10 03:49:01,860 - 88521B7AD79BE277 - INFO - Sending Light Status off to device
2017-04-10 03:49:03,228 - 88521B7AD79BE277 - INFO - Sending Light Status off to device
2017-04-10 03:49:04,741 - 88521B7AD79BE277 - INFO - Sending Light Status off to device
2017-04-10 03:49:06,138 - 88521B7AD79BE277 - INFO - Sending Light Status off to device
2017-04-10 03:49:07,549 - 88521B7AD79BE277 - INFO - Sending Light Status off to device
2017-04-10 03:49:09,198 - 88521B7AD79BE277 - INFO - Sending Light Status off to device
2017-04-10 03:49:10,645 - 88521B7AD79BE277 - INFO - Sending Light Status off to device
2017-04-10 03:49:12,056 - 88521B7AD79BE277 - INFO - Sending Light Status off to device
2017-04-10 03:49:13,570 - 88521B7AD79BE277 - INFO - Sending Light Status off to device
2017-04-10 03:49:15,006 - 88521B7AD79BE277 - INFO - Sending Light Status off to device
2017-04-10 03:49:16,423 - 88521B7AD79BE277 - INFO - Sending Light Status off to device
2017-04-10 03:49:17,799 - 88521B7AD79BE277 - INFO - Sending Light Status off to device
2017-04-10 03:49:19,252 - 88521B7AD79BE277 - INFO - Sending Light Status off to device
2017-04-10 03:49:20,777 - 88521B7AD79BE277 - INFO - Sending Light Status off to device
2017-04-10 03:49:22,211 - 88521B7AD79BE277 - INFO - Sending Light Status off to device
2017-04-10 03:49:23,658 - 88521B7AD79BE277 - INFO - Sending Light Status off to device
2017-04-10 03:49:25,191 - 88521B7AD79BE277 - INFO - Sending Light Status off to device
2017-04-10 03:49:26,601 - 88521B7AD79BE277 - INFO - Sending Light Status off to device
2017-04-10 03:49:28,089 - 88521B7AD79BE277 - INFO - Sending Light Status off to device
2017-04-10 03:49:29,587 - 88521B7AD79BE277 - INFO - Sending Light Status off to device
2017-04-10 03:49:31,062 - 88521B7AD79BE277 - INFO - Sending Light Status off to device
2017-04-10 03:49:32,508 - 88521B7AD79BE277 - INFO - Sending Light Status off to device
2017-04-10 03:49:33,971 - 88521B7AD79BE277 - INFO - Sending Light Status off to device
2017-04-10 03:49:35,410 - 88521B7AD79BE277 - INFO - Sending Light Status off to device
2017-04-10 03:49:36,816 - 88521B7AD79BE277 - INFO - Sending Light Status off to device
2017-04-10 03:49:38,259 - 88521B7AD79BE277 - INFO - Sending Light Status off to device
2017-04-10 03:49:39,678 - 88521B7AD79BE277 - INFO - Sending Light Status off to device
2017-04-10 03:49:41,206 - 88521B7AD79BE277 - INFO - Sending Light Status off to device
2017-04-10 03:49:42,612 - 88521B7AD79BE277 - INFO - Sending Light Status off to device
2017-04-10 03:49:44,013 - 88521B7AD79BE277 - INFO - Sending Light Status off to device
2017-04-10 03:49:45,430 - 88521B7AD79BE277 - INFO - Sending Light Status off to device
2017-04-10 03:49:46,835 - 88521B7AD79BE277 - INFO - Sending Light Status off to device
2017-04-10 03:49:48,333 - 88521B7AD79BE277 - INFO - Sending Light Status off to device
2017-04-10 03:49:49,849 - 88521B7AD79BE277 - INFO - Sending Light Status off to device
2017-04-10 03:49:51,325 - 88521B7AD79BE277 - INFO - Sending Light Status off to device
2017-04-10 03:49:52,710 - 88521B7AD79BE277 - INFO - Sending Light Status off to device
2017-04-10 03:49:54,106 - 88521B7AD79BE277 - INFO - Sending Light Status off to device
2017-04-10 03:49:55,659 - 88521B7AD79BE277 - INFO - Sending Light Status off to device
2017-04-10 03:49:57,069 - 88521B7AD79BE277 - INFO - Sending Light Status off to device
2017-04-10 03:49:58,557 - 88521B7AD79BE277 - INFO - Sending Light Status off to device
2017-04-10 03:49:59,984 - 88521B7AD79BE277 - INFO - Sending Light Status off to device
2017-04-10 03:50:01,402 - 88521B7AD79BE277 - INFO - Sending Light Status off to device
2017-04-10 03:50:02,815 - 88521B7AD79BE277 - INFO - Sending Light Status off to device
2017-04-10 03:50:04,269 - 88521B7AD79BE277 - INFO - Sending Light Status off to device
2017-04-10 03:50:05,696 - 88521B7AD79BE277 - INFO - Sending Light Status off to device
2017-04-10 03:50:08,226 - 88521B7AD79BE277 - INFO - Sending Light Status off to device
2017-04-10 03:50:09,795 - 88521B7AD79BE277 - INFO - Sending Light Status off to device
2017-04-10 03:50:11,257 - 88521B7AD79BE277 - INFO - Sending Light Status off to device
2017-04-10 03:50:12,686 - 88521B7AD79BE277 - INFO - Sending Light Status off to device
2017-04-10 03:50:14,127 - 88521B7AD79BE277 - INFO - Sending Light Status off to device
2017-04-10 03:50:15,551 - 88521B7AD79BE277 - INFO - Sending Light Status off to device
2017-04-10 03:50:17,028 - 88521B7AD79BE277 - INFO - Sending Light Status off to device
2017-04-10 03:50:18,425 - 88521B7AD79BE277 - INFO - Sending Light Status off to device
2017-04-10 03:50:19,859 - 88521B7AD79BE277 - INFO - Sending Light Status off to device
2017-04-10 03:50:21,303 - 88521B7AD79BE277 - INFO - Sending Light Status off to device
2017-04-10 03:50:22,726 - 88521B7AD79BE277 - INFO - Sending Light Status off to device
2017-04-10 03:50:24,137 - 88521B7AD79BE277 - INFO - Sending Light Status off to device
2017-04-10 03:50:25,542 - 88521B7AD79BE277 - INFO - Sending Light Status off to device
2017-04-10 03:50:26,972 - 88521B7AD79BE277 - INFO - Sending Light Status off to device
2017-04-10 03:50:28,385 - 88521B7AD79BE277 - INFO - Sending Light Status off to device
2017-04-10 03:50:29,782 - 88521B7AD79BE277 - INFO - Sending Light Status off to device
2017-04-10 03:50:31,198 - 88521B7AD79BE277 - INFO - Sending Light Status off to device
2017-04-10 03:50:32,615 - 88521B7AD79BE277 - INFO - Sending Light Status off to device
2017-04-10 03:50:34,009 - 88521B7AD79BE277 - INFO - Sending Light Status off to device
2017-04-10 03:50:35,438 - 88521B7AD79BE277 - INFO - Sending Light Status off to device
2017-04-10 03:50:36,954 - 88521B7AD79BE277 - INFO - Sending Light Status off to device
2017-04-10 03:50:38,417 - 88521B7AD79BE277 - INFO - Sending Light Status off to device
2017-04-10 03:57:20,608 - 88521B7AD79BE277 - INFO - Received Light State on from front end
2017-04-10 03:57:33,762 - 88521B7AD79BE277 - INFO - Received Light State on from front end
2017-04-10 03:57:36,708 - 88521B7AD79BE277 - INFO - Received Light State off from front end
2017-04-10 03:57:41,082 - 88521B7AD79BE277 - INFO - Received Light State on from front end
2017-04-10 03:58:06,956 - 88521B7AD79BE277 - INFO - Sending Light Status on to device
2017-04-10 03:58:08,526 - 88521B7AD79BE277 - INFO - Sending Light Status on to device
2017-04-10 03:58:09,926 - 88521B7AD79BE277 - INFO - Sending Light Status on to device
2017-04-10 03:58:11,460 - 88521B7AD79BE277 - INFO - Sending Light Status on to device
2017-04-10 03:58:13,086 - 88521B7AD79BE277 - INFO - Sending Light Status on to device
2017-04-10 03:58:14,477 - 88521B7AD79BE277 - INFO - Sending Light Status on to device
2017-04-10 03:58:16,138 - 88521B7AD79BE277 - INFO - Sending Light Status on to device
2017-04-10 03:58:17,639 - 88521B7AD79BE277 - INFO - Sending Light Status on to device
2017-04-10 03:58:19,188 - 88521B7AD79BE277 - INFO - Sending Light Status on to device
2017-04-10 03:58:20,579 - 88521B7AD79BE277 - INFO - Sending Light Status on to device
2017-04-10 03:58:21,968 - 88521B7AD79BE277 - INFO - Sending Light Status on to device
2017-04-10 03:58:23,393 - 88521B7AD79BE277 - INFO - Sending Light Status on to device
2017-04-10 03:58:24,791 - 88521B7AD79BE277 - INFO - Sending Light Status on to device
2017-04-10 03:58:26,170 - 88521B7AD79BE277 - INFO - Sending Light Status on to device
2017-04-10 03:58:27,638 - 88521B7AD79BE277 - INFO - Sending Light Status on to device
2017-04-10 03:58:29,052 - 88521B7AD79BE277 - INFO - Sending Light Status on to device
2017-04-10 03:58:30,520 - 88521B7AD79BE277 - INFO - Sending Light Status on to device
2017-04-10 03:58:31,925 - 88521B7AD79BE277 - INFO - Sending Light Status on to device
2017-04-10 03:58:33,408 - 88521B7AD79BE277 - INFO - Sending Light Status on to device
2017-04-10 03:58:34,860 - 88521B7AD79BE277 - INFO - Sending Light Status on to device
2017-04-10 03:58:36,274 - 88521B7AD79BE277 - INFO - Sending Light Status on to device
2017-04-10 03:58:37,729 - 88521B7AD79BE277 - INFO - Sending Light Status on to device
2017-04-10 03:58:39,105 - 88521B7AD79BE277 - INFO - Sending Light Status on to device
2017-04-10 03:58:40,551 - 88521B7AD79BE277 - INFO - Sending Light Status on to device
2017-04-10 03:58:42,015 - 88521B7AD79BE277 - INFO - Sending Light Status on to device
2017-04-10 03:58:43,416 - 88521B7AD79BE277 - INFO - Sending Light Status on to device
2017-04-10 03:58:44,839 - 88521B7AD79BE277 - INFO - Sending Light Status on to device
2017-04-10 03:58:46,237 - 88521B7AD79BE277 - INFO - Sending Light Status on to device
2017-04-10 03:58:47,827 - 88521B7AD79BE277 - INFO - Sending Light Status on to device
2017-04-10 03:58:49,298 - 88521B7AD79BE277 - INFO - Sending Light Status on to device
2017-04-10 03:58:50,761 - 88521B7AD79BE277 - INFO - Sending Light Status on to device
2017-04-10 03:58:52,196 - 88521B7AD79BE277 - INFO - Sending Light Status on to device
2017-04-10 03:58:53,589 - 88521B7AD79BE277 - INFO - Sending Light Status on to device
2017-04-10 03:58:54,949 - 88521B7AD79BE277 - INFO - Sending Light Status on to device
2017-04-10 03:58:56,344 - 88521B7AD79BE277 - INFO - Sending Light Status on to device
2017-04-10 03:58:57,742 - 88521B7AD79BE277 - INFO - Sending Light Status on to device
2017-04-10 03:58:59,206 - 88521B7AD79BE277 - INFO - Sending Light Status on to device
2017-04-10 03:59:00,661 - 88521B7AD79BE277 - INFO - Sending Light Status on to device
2017-04-10 03:59:02,029 - 88521B7AD79BE277 - INFO - Sending Light Status on to device
2017-04-10 03:59:03,406 - 88521B7AD79BE277 - INFO - Sending Light Status on to device
2017-04-10 03:59:04,967 - 88521B7AD79BE277 - INFO - Sending Light Status on to device
2017-04-10 03:59:06,504 - 88521B7AD79BE277 - INFO - Sending Light Status on to device
2017-04-10 03:59:07,940 - 88521B7AD79BE277 - INFO - Sending Light Status on to device
2017-04-10 03:59:09,384 - 88521B7AD79BE277 - INFO - Sending Light Status on to device
2017-04-10 03:59:10,755 - 88521B7AD79BE277 - INFO - Sending Light Status on to device
2017-04-10 03:59:12,166 - 88521B7AD79BE277 - INFO - Sending Light Status on to device
2017-04-10 03:59:13,733 - 88521B7AD79BE277 - INFO - Sending Light Status on to device
2017-04-10 03:59:15,122 - 88521B7AD79BE277 - INFO - Sending Light Status on to device
2017-04-10 03:59:16,528 - 88521B7AD79BE277 - INFO - Sending Light Status on to device
2017-04-10 03:59:17,947 - 88521B7AD79BE277 - INFO - Sending Light Status on to device
2017-04-10 03:59:19,315 - 88521B7AD79BE277 - INFO - Sending Light Status on to device
2017-04-10 03:59:20,704 - 88521B7AD79BE277 - INFO - Sending Light Status on to device
2017-04-10 03:59:22,132 - 88521B7AD79BE277 - INFO - Sending Light Status on to device
2017-04-10 03:59:23,547 - 88521B7AD79BE277 - INFO - Sending Light Status on to device
